starting worker pid=13172 on localhost:11070 at 01:13:17.426
starting worker pid=33340 on localhost:11070 at 01:13:17.574
starting worker pid=3020 on localhost:11070 at 01:13:17.716
starting worker pid=27156 on localhost:11070 at 01:13:17.861
starting worker pid=1012 on localhost:11070 at 01:13:18.002
starting worker pid=16436 on localhost:11070 at 01:13:18.143
starting worker pid=13504 on localhost:11070 at 01:13:18.286
starting worker pid=31332 on localhost:11070 at 01:13:18.423
starting worker pid=11588 on localhost:11070 at 01:13:18.565
starting worker pid=26672 on localhost:11070 at 01:13:18.707
starting worker pid=5368 on localhost:11070 at 01:13:18.845
starting worker pid=33104 on localhost:11070 at 01:13:18.984
starting worker pid=28104 on localhost:11070 at 01:13:19.123
starting worker pid=11776 on localhost:11070 at 01:13:19.263
[1] "2022-06-22 01:13:27 pid 16436 is parsing ps_6hrLev_MPI-ESM1-2-HR_ssp585_r1i1p1f1_gn_203001010600-203501010000.nc..."
[1] "2022-06-22 01:13:48 pid 13504 is parsing tas_6hrPlevPt_MPI-ESM1-2-HR_ssp126_r1i1p1f1_gn_206501010600-207001010000.nc..."
[1] "2022-06-22 01:13:51 pid 33104 is parsing uas_6hrPlevPt_MPI-ESM1-2-HR_ssp585_r1i1p1f1_gn_208001010600-208501010000.nc..."
[1] "2022-06-22 01:14:16 pid 13172 is parsing hurs_6hrPlev_MPI-ESM1-2-HR_ssp126_r1i1p1f1_gn_201501010300-201912312100.nc..."
[1] "2022-06-22 01:14:24 pid 27156 is parsing ps_6hrLev_MPI-ESM1-2-HR_ssp126_r1i1p1f1_gn_204001010600-204501010000.nc..."
[1] "2022-06-22 01:14:25 pid 28104 is parsing vas_6hrPlevPt_MPI-ESM1-2-HR_ssp245_r1i1p1f1_gn_202501010600-203001010000.nc..."
[1] "2022-06-22 01:14:29 pid 33340 is parsing hurs_6hrPlev_MPI-ESM1-2-HR_ssp245_r1i1p1f1_gn_205501010300-205912312100.nc..."
[1] "2022-06-22 01:14:33 pid 11776 is parsing vas_6hrPlevPt_MPI-ESM1-2-HR_ssp370_r1i1p1f1_gn_206501010600-207001010000.nc..."
[1] "2022-06-22 01:14:49 pid  3020 is parsing hurs_6hrPlev_MPI-ESM1-2-HR_ssp370_r1i1p1f1_gn_209501010300-209912312100.nc..."
[1] "2022-06-22 01:15:08 pid  5368 is parsing uas_6hrPlevPt_MPI-ESM1-2-HR_ssp370_r1i1p1f1_gn_204001010600-204501010000.nc..."
[1] "2022-06-22 01:15:21 pid 31332 is parsing tas_6hrPlevPt_MPI-ESM1-2-HR_ssp370_r1i1p1f1_gn_201501010600-202001010000.nc..."
[1] "2022-06-22 01:15:23 pid  1012 is parsing ps_6hrLev_MPI-ESM1-2-HR_ssp245_r1i1p1f1_gn_208001010600-208501010000.nc..."
[1] "2022-06-22 01:15:25 pid 11588 is parsing tas_6hrPlevPt_MPI-ESM1-2-HR_ssp585_r1i1p1f1_gn_205501010600-206001010000.nc..."
[1] "2022-06-22 01:15:31 pid 26672 is parsing uas_6hrPlevPt_MPI-ESM1-2-HR_ssp126_r1i1p1f1_gn_209001010600-209501010000.nc..."
[1] "2022-06-22 01:19:19 pid 16436 is parsing ps_6hrLev_MPI-ESM1-2-HR_ssp585_r1i1p1f1_gn_203501010600-204001010000.nc..."
[1] "2022-06-22 01:20:01 pid 33104 is parsing uas_6hrPlevPt_MPI-ESM1-2-HR_ssp585_r1i1p1f1_gn_208501010600-209001010000.nc..."
[1] "2022-06-22 01:20:19 pid 13504 is parsing tas_6hrPlevPt_MPI-ESM1-2-HR_ssp126_r1i1p1f1_gn_207001010600-207501010000.nc..."
[1] "2022-06-22 01:23:38 pid 13172 is parsing hurs_6hrPlev_MPI-ESM1-2-HR_ssp126_r1i1p1f1_gn_202001010300-202412312100.nc..."
[1] "2022-06-22 01:23:55 pid 28104 is parsing vas_6hrPlevPt_MPI-ESM1-2-HR_ssp245_r1i1p1f1_gn_203001010600-203501010000.nc..."
[1] "2022-06-22 01:24:04 pid 27156 is parsing ps_6hrLev_MPI-ESM1-2-HR_ssp126_r1i1p1f1_gn_204501010600-205001010000.nc..."
[1] "2022-06-22 01:24:27 pid 33340 is parsing hurs_6hrPlev_MPI-ESM1-2-HR_ssp245_r1i1p1f1_gn_206001010300-206412312100.nc..."
[1] "2022-06-22 01:26:16 pid 11776 is parsing vas_6hrPlevPt_MPI-ESM1-2-HR_ssp370_r1i1p1f1_gn_207001010600-207501010000.nc..."
[1] "2022-06-22 01:26:20 pid 31332 is parsing tas_6hrPlevPt_MPI-ESM1-2-HR_ssp370_r1i1p1f1_gn_202001010600-202501010000.nc..."
[1] "2022-06-22 01:26:42 pid 26672 is parsing uas_6hrPlevPt_MPI-ESM1-2-HR_ssp126_r1i1p1f1_gn_209501010600-210001010000.nc..."
[1] "2022-06-22 01:27:08 pid  3020 is parsing hurs_6hrPlev_MPI-ESM1-2-HR_ssp370_r1i1p1f1_gn_210001010300-210012312100.nc..."
[1] "2022-06-22 01:27:13 pid 11588 is parsing tas_6hrPlevPt_MPI-ESM1-2-HR_ssp585_r1i1p1f1_gn_206001010600-206501010000.nc..."
[1] "2022-06-22 01:27:42 pid  5368 is parsing uas_6hrPlevPt_MPI-ESM1-2-HR_ssp370_r1i1p1f1_gn_204501010600-205001010000.nc..."
[1] "2022-06-22 01:27:49 pid  1012 is parsing ps_6hrLev_MPI-ESM1-2-HR_ssp245_r1i1p1f1_gn_208501010600-209001010000.nc..."
[1] "2022-06-22 01:31:14 pid  3020 is parsing hurs_6hrPlev_MPI-ESM1-2-HR_ssp585_r1i1p1f1_gn_201501010300-201912312100.nc..."
[1] "2022-06-22 01:32:21 pid 16436 is parsing ps_6hrLev_MPI-ESM1-2-HR_ssp585_r1i1p1f1_gn_204001010600-204501010000.nc..."
[1] "2022-06-22 01:33:30 pid 33104 is parsing uas_6hrPlevPt_MPI-ESM1-2-HR_ssp585_r1i1p1f1_gn_209001010600-209501010000.nc..."
[1] "2022-06-22 01:34:16 pid 13504 is parsing tas_6hrPlevPt_MPI-ESM1-2-HR_ssp126_r1i1p1f1_gn_207501010600-208001010000.nc..."
[1] "2022-06-22 01:37:50 pid 28104 is parsing vas_6hrPlevPt_MPI-ESM1-2-HR_ssp245_r1i1p1f1_gn_203501010600-204001010000.nc..."
[1] "2022-06-22 01:38:11 pid 13172 is parsing hurs_6hrPlev_MPI-ESM1-2-HR_ssp126_r1i1p1f1_gn_202501010300-202912312100.nc..."
[1] "2022-06-22 01:38:24 pid 27156 is parsing ps_6hrLev_MPI-ESM1-2-HR_ssp126_r1i1p1f1_gn_205001010600-205501010000.nc..."
[1] "2022-06-22 01:38:48 pid 33340 is parsing hurs_6hrPlev_MPI-ESM1-2-HR_ssp245_r1i1p1f1_gn_206501010300-206912312100.nc..."
[1] "2022-06-22 01:39:40 pid 31332 is parsing tas_6hrPlevPt_MPI-ESM1-2-HR_ssp370_r1i1p1f1_gn_202501010600-203001010000.nc..."
[1] "2022-06-22 01:40:21 pid 11776 is parsing vas_6hrPlevPt_MPI-ESM1-2-HR_ssp370_r1i1p1f1_gn_207501010600-208001010000.nc..."
[1] "2022-06-22 01:40:53 pid 11588 is parsing tas_6hrPlevPt_MPI-ESM1-2-HR_ssp585_r1i1p1f1_gn_206501010600-207001010000.nc..."
[1] "2022-06-22 01:41:27 pid  1012 is parsing ps_6hrLev_MPI-ESM1-2-HR_ssp245_r1i1p1f1_gn_209001010600-209501010000.nc..."
[1] "2022-06-22 01:41:47 pid 26672 is parsing uas_6hrPlevPt_MPI-ESM1-2-HR_ssp126_r1i1p1f1_gn_210001010600-210101010000.nc..."
[1] "2022-06-22 01:42:20 pid  5368 is parsing uas_6hrPlevPt_MPI-ESM1-2-HR_ssp370_r1i1p1f1_gn_205001010600-205501010000.nc..."
[1] "2022-06-22 01:45:48 pid  3020 is parsing hurs_6hrPlev_MPI-ESM1-2-HR_ssp585_r1i1p1f1_gn_202001010300-202412312100.nc..."
[1] "2022-06-22 01:45:56 pid 16436 is parsing ps_6hrLev_MPI-ESM1-2-HR_ssp585_r1i1p1f1_gn_204501010600-205001010000.nc..."
[1] "2022-06-22 01:46:15 pid 33104 is parsing uas_6hrPlevPt_MPI-ESM1-2-HR_ssp585_r1i1p1f1_gn_209501010600-210001010000.nc..."
[1] "2022-06-22 01:46:19 pid 26672 is parsing uas_6hrPlevPt_MPI-ESM1-2-HR_ssp245_r1i1p1f1_gn_201501010600-202001010000.nc..."
[1] "2022-06-22 01:47:27 pid 13504 is parsing tas_6hrPlevPt_MPI-ESM1-2-HR_ssp126_r1i1p1f1_gn_208001010600-208501010000.nc..."
[1] "2022-06-22 01:50:56 pid 28104 is parsing vas_6hrPlevPt_MPI-ESM1-2-HR_ssp245_r1i1p1f1_gn_204001010600-204501010000.nc..."
[1] "2022-06-22 01:52:12 pid 27156 is parsing ps_6hrLev_MPI-ESM1-2-HR_ssp126_r1i1p1f1_gn_205501010600-206001010000.nc..."
[1] "2022-06-22 01:52:41 pid 13172 is parsing hurs_6hrPlev_MPI-ESM1-2-HR_ssp126_r1i1p1f1_gn_203001010300-203412312100.nc..."
[1] "2022-06-22 01:53:03 pid 31332 is parsing tas_6hrPlevPt_MPI-ESM1-2-HR_ssp370_r1i1p1f1_gn_203001010600-203501010000.nc..."
[1] "2022-06-22 01:53:12 pid 33340 is parsing hurs_6hrPlev_MPI-ESM1-2-HR_ssp245_r1i1p1f1_gn_207001010300-207412312100.nc..."
[1] "2022-06-22 01:54:03 pid 11588 is parsing tas_6hrPlevPt_MPI-ESM1-2-HR_ssp585_r1i1p1f1_gn_207001010600-207501010000.nc..."
[1] "2022-06-22 01:55:42 pid 11776 is parsing vas_6hrPlevPt_MPI-ESM1-2-HR_ssp370_r1i1p1f1_gn_208001010600-208501010000.nc..."
[1] "2022-06-22 01:56:08 pid  1012 is parsing ps_6hrLev_MPI-ESM1-2-HR_ssp245_r1i1p1f1_gn_209501010600-210001010000.nc..."
[1] "2022-06-22 01:56:59 pid  5368 is parsing uas_6hrPlevPt_MPI-ESM1-2-HR_ssp370_r1i1p1f1_gn_205501010600-206001010000.nc..."
[1] "2022-06-22 02:00:39 pid 33104 is parsing uas_6hrPlevPt_MPI-ESM1-2-HR_ssp585_r1i1p1f1_gn_210001010600-210101010000.nc..."
[1] "2022-06-22 02:00:41 pid  3020 is parsing hurs_6hrPlev_MPI-ESM1-2-HR_ssp585_r1i1p1f1_gn_202501010300-202912312100.nc..."
[1] "2022-06-22 02:00:45 pid 16436 is parsing ps_6hrLev_MPI-ESM1-2-HR_ssp585_r1i1p1f1_gn_205001010600-205501010000.nc..."
[1] "2022-06-22 02:01:09 pid 26672 is parsing uas_6hrPlevPt_MPI-ESM1-2-HR_ssp245_r1i1p1f1_gn_202001010600-202501010000.nc..."
[1] "2022-06-22 02:02:16 pid 13504 is parsing tas_6hrPlevPt_MPI-ESM1-2-HR_ssp126_r1i1p1f1_gn_208501010600-209001010000.nc..."
[1] "2022-06-22 02:03:53 pid 28104 is parsing vas_6hrPlevPt_MPI-ESM1-2-HR_ssp245_r1i1p1f1_gn_204501010600-205001010000.nc..."
[1] "2022-06-22 02:04:53 pid 33104 is parsing vas_6hrPlevPt_MPI-ESM1-2-HR_ssp126_r1i1p1f1_gn_201501010600-202001010000.nc..."
[1] "2022-06-22 02:05:57 pid 31332 is parsing tas_6hrPlevPt_MPI-ESM1-2-HR_ssp370_r1i1p1f1_gn_203501010600-204001010000.nc..."
[1] "2022-06-22 02:06:07 pid 33340 is parsing hurs_6hrPlev_MPI-ESM1-2-HR_ssp245_r1i1p1f1_gn_207501010300-207912312100.nc..."
[1] "2022-06-22 02:06:19 pid 13172 is parsing hurs_6hrPlev_MPI-ESM1-2-HR_ssp126_r1i1p1f1_gn_203501010300-203912312100.nc..."
[1] "2022-06-22 02:06:58 pid 27156 is parsing ps_6hrLev_MPI-ESM1-2-HR_ssp126_r1i1p1f1_gn_206001010600-206501010000.nc..."
[1] "2022-06-22 02:08:03 pid 11588 is parsing tas_6hrPlevPt_MPI-ESM1-2-HR_ssp585_r1i1p1f1_gn_207501010600-208001010000.nc..."
[1] "2022-06-22 02:09:05 pid  5368 is parsing uas_6hrPlevPt_MPI-ESM1-2-HR_ssp370_r1i1p1f1_gn_206001010600-206501010000.nc..."
[1] "2022-06-22 02:09:19 pid 11776 is parsing vas_6hrPlevPt_MPI-ESM1-2-HR_ssp370_r1i1p1f1_gn_208501010600-209001010000.nc..."
[1] "2022-06-22 02:10:33 pid  1012 is parsing ps_6hrLev_MPI-ESM1-2-HR_ssp245_r1i1p1f1_gn_210001010600-210101010000.nc..."
[1] "2022-06-22 02:14:13 pid  3020 is parsing hurs_6hrPlev_MPI-ESM1-2-HR_ssp585_r1i1p1f1_gn_203001010300-203412312100.nc..."
[1] "2022-06-22 02:14:32 pid  1012 is parsing ps_6hrLev_MPI-ESM1-2-HR_ssp370_r1i1p1f1_gn_201501010600-202001010000.nc..."
[1] "2022-06-22 02:14:35 pid 26672 is parsing uas_6hrPlevPt_MPI-ESM1-2-HR_ssp245_r1i1p1f1_gn_202501010600-203001010000.nc..."
[1] "2022-06-22 02:15:07 pid 16436 is parsing ps_6hrLev_MPI-ESM1-2-HR_ssp585_r1i1p1f1_gn_205501010600-206001010000.nc..."
[1] "2022-06-22 02:16:50 pid 13504 is parsing tas_6hrPlevPt_MPI-ESM1-2-HR_ssp126_r1i1p1f1_gn_209001010600-209501010000.nc..."
[1] "2022-06-22 02:17:35 pid 28104 is parsing vas_6hrPlevPt_MPI-ESM1-2-HR_ssp245_r1i1p1f1_gn_205001010600-205501010000.nc..."
[1] "2022-06-22 02:18:30 pid 33104 is parsing vas_6hrPlevPt_MPI-ESM1-2-HR_ssp126_r1i1p1f1_gn_202001010600-202501010000.nc..."
[1] "2022-06-22 02:19:44 pid 31332 is parsing tas_6hrPlevPt_MPI-ESM1-2-HR_ssp370_r1i1p1f1_gn_204001010600-204501010000.nc..."
[1] "2022-06-22 02:20:00 pid 33340 is parsing hurs_6hrPlev_MPI-ESM1-2-HR_ssp245_r1i1p1f1_gn_208001010300-208412312100.nc..."
[1] "2022-06-22 02:20:25 pid 27156 is parsing ps_6hrLev_MPI-ESM1-2-HR_ssp126_r1i1p1f1_gn_206501010600-207001010000.nc..."
[1] "2022-06-22 02:21:08 pid 13172 is parsing hurs_6hrPlev_MPI-ESM1-2-HR_ssp126_r1i1p1f1_gn_204001010300-204412312100.nc..."
[1] "2022-06-22 02:22:35 pid  5368 is parsing uas_6hrPlevPt_MPI-ESM1-2-HR_ssp370_r1i1p1f1_gn_206501010600-207001010000.nc..."
[1] "2022-06-22 02:22:51 pid 11588 is parsing tas_6hrPlevPt_MPI-ESM1-2-HR_ssp585_r1i1p1f1_gn_208001010600-208501010000.nc..."
[1] "2022-06-22 02:24:12 pid 11776 is parsing vas_6hrPlevPt_MPI-ESM1-2-HR_ssp370_r1i1p1f1_gn_209001010600-209501010000.nc..."
[1] "2022-06-22 02:29:05 pid  3020 is parsing hurs_6hrPlev_MPI-ESM1-2-HR_ssp585_r1i1p1f1_gn_203501010300-203912312100.nc..."
[1] "2022-06-22 02:29:21 pid  1012 is parsing ps_6hrLev_MPI-ESM1-2-HR_ssp370_r1i1p1f1_gn_202001010600-202501010000.nc..."
[1] "2022-06-22 02:29:36 pid 26672 is parsing uas_6hrPlevPt_MPI-ESM1-2-HR_ssp245_r1i1p1f1_gn_203001010600-203501010000.nc..."
[1] "2022-06-22 02:29:48 pid 16436 is parsing ps_6hrLev_MPI-ESM1-2-HR_ssp585_r1i1p1f1_gn_206001010600-206501010000.nc..."
[1] "2022-06-22 02:30:26 pid 28104 is parsing vas_6hrPlevPt_MPI-ESM1-2-HR_ssp245_r1i1p1f1_gn_205501010600-206001010000.nc..."
[1] "2022-06-22 02:31:14 pid 13504 is parsing tas_6hrPlevPt_MPI-ESM1-2-HR_ssp126_r1i1p1f1_gn_209501010600-210001010000.nc..."
[1] "2022-06-22 02:32:04 pid 31332 is parsing tas_6hrPlevPt_MPI-ESM1-2-HR_ssp370_r1i1p1f1_gn_204501010600-205001010000.nc..."
[1] "2022-06-22 02:32:37 pid 33104 is parsing vas_6hrPlevPt_MPI-ESM1-2-HR_ssp126_r1i1p1f1_gn_202501010600-203001010000.nc..."
[1] "2022-06-22 02:32:38 pid 33340 is parsing hurs_6hrPlev_MPI-ESM1-2-HR_ssp245_r1i1p1f1_gn_208501010300-208912312100.nc..."
[1] "2022-06-22 02:34:46 pid 27156 is parsing ps_6hrLev_MPI-ESM1-2-HR_ssp126_r1i1p1f1_gn_207001010600-207501010000.nc..."
[1] "2022-06-22 02:35:05 pid 11588 is parsing tas_6hrPlevPt_MPI-ESM1-2-HR_ssp585_r1i1p1f1_gn_208501010600-209001010000.nc..."
[1] "2022-06-22 02:35:36 pid 13172 is parsing hurs_6hrPlev_MPI-ESM1-2-HR_ssp126_r1i1p1f1_gn_204501010300-204912312100.nc..."
[1] "2022-06-22 02:36:11 pid  5368 is parsing uas_6hrPlevPt_MPI-ESM1-2-HR_ssp370_r1i1p1f1_gn_207001010600-207501010000.nc..."
[1] "2022-06-22 02:36:22 pid 11776 is parsing vas_6hrPlevPt_MPI-ESM1-2-HR_ssp370_r1i1p1f1_gn_209501010600-210001010000.nc..."
[1] "2022-06-22 02:42:38 pid  1012 is parsing ps_6hrLev_MPI-ESM1-2-HR_ssp370_r1i1p1f1_gn_202501010600-203001010000.nc..."
[1] "2022-06-22 02:43:42 pid  3020 is parsing hurs_6hrPlev_MPI-ESM1-2-HR_ssp585_r1i1p1f1_gn_204001010300-204412312100.nc..."
[1] "2022-06-22 02:44:21 pid 26672 is parsing uas_6hrPlevPt_MPI-ESM1-2-HR_ssp245_r1i1p1f1_gn_203501010600-204001010000.nc..."
[1] "2022-06-22 02:44:29 pid 16436 is parsing ps_6hrLev_MPI-ESM1-2-HR_ssp585_r1i1p1f1_gn_206501010600-207001010000.nc..."
[1] "2022-06-22 02:44:38 pid 13504 is parsing tas_6hrPlevPt_MPI-ESM1-2-HR_ssp126_r1i1p1f1_gn_210001010600-210101010000.nc..."
[1] "2022-06-22 02:44:50 pid 28104 is parsing vas_6hrPlevPt_MPI-ESM1-2-HR_ssp245_r1i1p1f1_gn_206001010600-206501010000.nc..."
[1] "2022-06-22 02:46:15 pid 31332 is parsing tas_6hrPlevPt_MPI-ESM1-2-HR_ssp370_r1i1p1f1_gn_205001010600-205501010000.nc..."
[1] "2022-06-22 02:46:46 pid 33340 is parsing hurs_6hrPlev_MPI-ESM1-2-HR_ssp245_r1i1p1f1_gn_209001010300-209412312100.nc..."
[1] "2022-06-22 02:47:07 pid 33104 is parsing vas_6hrPlevPt_MPI-ESM1-2-HR_ssp126_r1i1p1f1_gn_203001010600-203501010000.nc..."
[1] "2022-06-22 02:48:27 pid 13504 is parsing tas_6hrPlevPt_MPI-ESM1-2-HR_ssp245_r1i1p1f1_gn_201501010600-202001010000.nc..."
[1] "2022-06-22 02:48:34 pid 27156 is parsing ps_6hrLev_MPI-ESM1-2-HR_ssp126_r1i1p1f1_gn_207501010600-208001010000.nc..."
[1] "2022-06-22 02:49:10 pid 11776 is parsing vas_6hrPlevPt_MPI-ESM1-2-HR_ssp370_r1i1p1f1_gn_210001010600-210101010000.nc..."
[1] "2022-06-22 02:49:32 pid 11588 is parsing tas_6hrPlevPt_MPI-ESM1-2-HR_ssp585_r1i1p1f1_gn_209001010600-209501010000.nc..."
[1] "2022-06-22 02:49:58 pid 13172 is parsing hurs_6hrPlev_MPI-ESM1-2-HR_ssp126_r1i1p1f1_gn_205001010300-205412312100.nc..."
[1] "2022-06-22 02:50:02 pid  5368 is parsing uas_6hrPlevPt_MPI-ESM1-2-HR_ssp370_r1i1p1f1_gn_207501010600-208001010000.nc..."
[1] "2022-06-22 02:52:48 pid 11776 is parsing vas_6hrPlevPt_MPI-ESM1-2-HR_ssp585_r1i1p1f1_gn_201501010600-202001010000.nc..."
[1] "2022-06-22 02:56:12 pid  1012 is parsing ps_6hrLev_MPI-ESM1-2-HR_ssp370_r1i1p1f1_gn_203001010600-203501010000.nc..."
[1] "2022-06-22 02:58:10 pid 26672 is parsing uas_6hrPlevPt_MPI-ESM1-2-HR_ssp245_r1i1p1f1_gn_204001010600-204501010000.nc..."
[1] "2022-06-22 02:58:55 pid 28104 is parsing vas_6hrPlevPt_MPI-ESM1-2-HR_ssp245_r1i1p1f1_gn_206501010600-207001010000.nc..."
[1] "2022-06-22 02:59:01 pid  3020 is parsing hurs_6hrPlev_MPI-ESM1-2-HR_ssp585_r1i1p1f1_gn_204501010300-204912312100.nc..."
[1] "2022-06-22 02:59:05 pid 16436 is parsing ps_6hrLev_MPI-ESM1-2-HR_ssp585_r1i1p1f1_gn_207001010600-207501010000.nc..."
[1] "2022-06-22 02:59:35 pid 31332 is parsing tas_6hrPlevPt_MPI-ESM1-2-HR_ssp370_r1i1p1f1_gn_205501010600-206001010000.nc..."
[1] "2022-06-22 03:01:30 pid 33340 is parsing hurs_6hrPlev_MPI-ESM1-2-HR_ssp245_r1i1p1f1_gn_209501010300-209912312100.nc..."
[1] "2022-06-22 03:01:34 pid 13504 is parsing tas_6hrPlevPt_MPI-ESM1-2-HR_ssp245_r1i1p1f1_gn_202001010600-202501010000.nc..."
[1] "2022-06-22 03:01:50 pid 33104 is parsing vas_6hrPlevPt_MPI-ESM1-2-HR_ssp126_r1i1p1f1_gn_203501010600-204001010000.nc..."
[1] "2022-06-22 03:02:39 pid 27156 is parsing ps_6hrLev_MPI-ESM1-2-HR_ssp126_r1i1p1f1_gn_208001010600-208501010000.nc..."
[1] "2022-06-22 03:02:48 pid 11588 is parsing tas_6hrPlevPt_MPI-ESM1-2-HR_ssp585_r1i1p1f1_gn_209501010600-210001010000.nc..."
[1] "2022-06-22 03:03:44 pid 13172 is parsing hurs_6hrPlev_MPI-ESM1-2-HR_ssp126_r1i1p1f1_gn_205501010300-205912312100.nc..."
[1] "2022-06-22 03:05:00 pid  5368 is parsing uas_6hrPlevPt_MPI-ESM1-2-HR_ssp370_r1i1p1f1_gn_208001010600-208501010000.nc..."
[1] "2022-06-22 03:06:48 pid 11776 is parsing vas_6hrPlevPt_MPI-ESM1-2-HR_ssp585_r1i1p1f1_gn_202001010600-202501010000.nc..."
[1] "2022-06-22 03:09:03 pid  1012 is parsing ps_6hrLev_MPI-ESM1-2-HR_ssp370_r1i1p1f1_gn_203501010600-204001010000.nc..."
[1] "2022-06-22 03:10:49 pid 26672 is parsing uas_6hrPlevPt_MPI-ESM1-2-HR_ssp245_r1i1p1f1_gn_204501010600-205001010000.nc..."
[1] "2022-06-22 03:12:19 pid  3020 is parsing hurs_6hrPlev_MPI-ESM1-2-HR_ssp585_r1i1p1f1_gn_205001010300-205412312100.nc..."
[1] "2022-06-22 03:13:03 pid 16436 is parsing ps_6hrLev_MPI-ESM1-2-HR_ssp585_r1i1p1f1_gn_207501010600-208001010000.nc..."
[1] "2022-06-22 03:14:09 pid 28104 is parsing vas_6hrPlevPt_MPI-ESM1-2-HR_ssp245_r1i1p1f1_gn_207001010600-207501010000.nc..."
[1] "2022-06-22 03:14:20 pid 31332 is parsing tas_6hrPlevPt_MPI-ESM1-2-HR_ssp370_r1i1p1f1_gn_206001010600-206501010000.nc..."
[1] "2022-06-22 03:15:05 pid 33340 is parsing hurs_6hrPlev_MPI-ESM1-2-HR_ssp245_r1i1p1f1_gn_210001010300-210012312100.nc..."
[1] "2022-06-22 03:16:37 pid 11588 is parsing tas_6hrPlevPt_MPI-ESM1-2-HR_ssp585_r1i1p1f1_gn_210001010600-210101010000.nc..."
[1] "2022-06-22 03:16:43 pid 33104 is parsing vas_6hrPlevPt_MPI-ESM1-2-HR_ssp126_r1i1p1f1_gn_204001010600-204501010000.nc..."
[1] "2022-06-22 03:16:56 pid 13504 is parsing tas_6hrPlevPt_MPI-ESM1-2-HR_ssp245_r1i1p1f1_gn_202501010600-203001010000.nc..."
[1] "2022-06-22 03:17:38 pid 27156 is parsing ps_6hrLev_MPI-ESM1-2-HR_ssp126_r1i1p1f1_gn_208501010600-209001010000.nc..."
[1] "2022-06-22 03:17:59 pid 13172 is parsing hurs_6hrPlev_MPI-ESM1-2-HR_ssp126_r1i1p1f1_gn_206001010300-206412312100.nc..."
[1] "2022-06-22 03:19:02 pid 11588 is parsing uas_6hrPlevPt_MPI-ESM1-2-HR_ssp126_r1i1p1f1_gn_201501010600-202001010000.nc..."
[1] "2022-06-22 03:19:14 pid 33340 is parsing hurs_6hrPlev_MPI-ESM1-2-HR_ssp370_r1i1p1f1_gn_201501010300-201912312100.nc..."
[1] "2022-06-22 03:19:19 pid 11776 is parsing vas_6hrPlevPt_MPI-ESM1-2-HR_ssp585_r1i1p1f1_gn_202501010600-203001010000.nc..."
[1] "2022-06-22 03:19:49 pid  5368 is parsing uas_6hrPlevPt_MPI-ESM1-2-HR_ssp370_r1i1p1f1_gn_208501010600-209001010000.nc..."
[1] "2022-06-22 03:22:07 pid  1012 is parsing ps_6hrLev_MPI-ESM1-2-HR_ssp370_r1i1p1f1_gn_204001010600-204501010000.nc..."
[1] "2022-06-22 03:24:15 pid 26672 is parsing uas_6hrPlevPt_MPI-ESM1-2-HR_ssp245_r1i1p1f1_gn_205001010600-205501010000.nc..."
[1] "2022-06-22 03:24:32 pid  3020 is parsing hurs_6hrPlev_MPI-ESM1-2-HR_ssp585_r1i1p1f1_gn_205501010300-205912312100.nc..."
[1] "2022-06-22 03:26:39 pid 28104 is parsing vas_6hrPlevPt_MPI-ESM1-2-HR_ssp245_r1i1p1f1_gn_207501010600-208001010000.nc..."
[1] "2022-06-22 03:27:19 pid 16436 is parsing ps_6hrLev_MPI-ESM1-2-HR_ssp585_r1i1p1f1_gn_208001010600-208501010000.nc..."
[1] "2022-06-22 03:27:57 pid 31332 is parsing tas_6hrPlevPt_MPI-ESM1-2-HR_ssp370_r1i1p1f1_gn_206501010600-207001010000.nc..."
[1] "2022-06-22 03:29:54 pid 33104 is parsing vas_6hrPlevPt_MPI-ESM1-2-HR_ssp126_r1i1p1f1_gn_204501010600-205001010000.nc..."
[1] "2022-06-22 03:30:23 pid 13504 is parsing tas_6hrPlevPt_MPI-ESM1-2-HR_ssp245_r1i1p1f1_gn_203001010600-203501010000.nc..."
[1] "2022-06-22 03:31:32 pid 13172 is parsing hurs_6hrPlev_MPI-ESM1-2-HR_ssp126_r1i1p1f1_gn_206501010300-206912312100.nc..."
[1] "2022-06-22 03:32:10 pid 27156 is parsing ps_6hrLev_MPI-ESM1-2-HR_ssp126_r1i1p1f1_gn_209001010600-209501010000.nc..."
[1] "2022-06-22 03:33:29 pid 11588 is parsing uas_6hrPlevPt_MPI-ESM1-2-HR_ssp126_r1i1p1f1_gn_202001010600-202501010000.nc..."
[1] "2022-06-22 03:33:34 pid 11776 is parsing vas_6hrPlevPt_MPI-ESM1-2-HR_ssp585_r1i1p1f1_gn_203001010600-203501010000.nc..."
[1] "2022-06-22 03:33:52 pid 33340 is parsing hurs_6hrPlev_MPI-ESM1-2-HR_ssp370_r1i1p1f1_gn_202001010300-202412312100.nc..."
[1] "2022-06-22 03:35:19 pid  5368 is parsing uas_6hrPlevPt_MPI-ESM1-2-HR_ssp370_r1i1p1f1_gn_209001010600-209501010000.nc..."
[1] "2022-06-22 03:36:42 pid  1012 is parsing ps_6hrLev_MPI-ESM1-2-HR_ssp370_r1i1p1f1_gn_204501010600-205001010000.nc..."
[1] "2022-06-22 03:38:10 pid  3020 is parsing hurs_6hrPlev_MPI-ESM1-2-HR_ssp585_r1i1p1f1_gn_206001010300-206412312100.nc..."
[1] "2022-06-22 03:39:18 pid 26672 is parsing uas_6hrPlevPt_MPI-ESM1-2-HR_ssp245_r1i1p1f1_gn_205501010600-206001010000.nc..."
[1] "2022-06-22 03:40:47 pid 31332 is parsing tas_6hrPlevPt_MPI-ESM1-2-HR_ssp370_r1i1p1f1_gn_207001010600-207501010000.nc..."
[1] "2022-06-22 03:41:04 pid 16436 is parsing ps_6hrLev_MPI-ESM1-2-HR_ssp585_r1i1p1f1_gn_208501010600-209001010000.nc..."
[1] "2022-06-22 03:41:15 pid 28104 is parsing vas_6hrPlevPt_MPI-ESM1-2-HR_ssp245_r1i1p1f1_gn_208001010600-208501010000.nc..."
[1] "2022-06-22 03:43:53 pid 13504 is parsing tas_6hrPlevPt_MPI-ESM1-2-HR_ssp245_r1i1p1f1_gn_203501010600-204001010000.nc..."
[1] "2022-06-22 03:44:48 pid 33104 is parsing vas_6hrPlevPt_MPI-ESM1-2-HR_ssp126_r1i1p1f1_gn_205001010600-205501010000.nc..."
[1] "2022-06-22 03:45:50 pid 13172 is parsing hurs_6hrPlev_MPI-ESM1-2-HR_ssp126_r1i1p1f1_gn_207001010300-207412312100.nc..."
[1] "2022-06-22 03:46:04 pid 27156 is parsing ps_6hrLev_MPI-ESM1-2-HR_ssp126_r1i1p1f1_gn_209501010600-210001010000.nc..."
[1] "2022-06-22 03:46:39 pid 11588 is parsing uas_6hrPlevPt_MPI-ESM1-2-HR_ssp126_r1i1p1f1_gn_202501010600-203001010000.nc..."
[1] "2022-06-22 03:47:02 pid 11776 is parsing vas_6hrPlevPt_MPI-ESM1-2-HR_ssp585_r1i1p1f1_gn_203501010600-204001010000.nc..."
[1] "2022-06-22 03:48:20 pid 33340 is parsing hurs_6hrPlev_MPI-ESM1-2-HR_ssp370_r1i1p1f1_gn_202501010300-202912312100.nc..."
[1] "2022-06-22 03:48:46 pid  5368 is parsing uas_6hrPlevPt_MPI-ESM1-2-HR_ssp370_r1i1p1f1_gn_209501010600-210001010000.nc..."
[1] "2022-06-22 03:50:12 pid  1012 is parsing ps_6hrLev_MPI-ESM1-2-HR_ssp370_r1i1p1f1_gn_205001010600-205501010000.nc..."
[1] "2022-06-22 03:51:38 pid  3020 is parsing hurs_6hrPlev_MPI-ESM1-2-HR_ssp585_r1i1p1f1_gn_206501010300-206912312100.nc..."
[1] "2022-06-22 03:52:46 pid 26672 is parsing uas_6hrPlevPt_MPI-ESM1-2-HR_ssp245_r1i1p1f1_gn_206001010600-206501010000.nc..."
[1] "2022-06-22 03:54:29 pid 31332 is parsing tas_6hrPlevPt_MPI-ESM1-2-HR_ssp370_r1i1p1f1_gn_207501010600-208001010000.nc..."
[1] "2022-06-22 03:54:32 pid 16436 is parsing ps_6hrLev_MPI-ESM1-2-HR_ssp585_r1i1p1f1_gn_209001010600-209501010000.nc..."
[1] "2022-06-22 03:55:11 pid 28104 is parsing vas_6hrPlevPt_MPI-ESM1-2-HR_ssp245_r1i1p1f1_gn_208501010600-209001010000.nc..."
[1] "2022-06-22 03:57:25 pid 13504 is parsing tas_6hrPlevPt_MPI-ESM1-2-HR_ssp245_r1i1p1f1_gn_204001010600-204501010000.nc..."
[1] "2022-06-22 03:59:28 pid 33104 is parsing vas_6hrPlevPt_MPI-ESM1-2-HR_ssp126_r1i1p1f1_gn_205501010600-206001010000.nc..."
[1] "2022-06-22 03:59:54 pid 13172 is parsing hurs_6hrPlev_MPI-ESM1-2-HR_ssp126_r1i1p1f1_gn_207501010300-207912312100.nc..."
[1] "2022-06-22 04:00:04 pid 27156 is parsing ps_6hrLev_MPI-ESM1-2-HR_ssp126_r1i1p1f1_gn_210001010600-210101010000.nc..."
[1] "2022-06-22 04:02:20 pid 11776 is parsing vas_6hrPlevPt_MPI-ESM1-2-HR_ssp585_r1i1p1f1_gn_204001010600-204501010000.nc..."
[1] "2022-06-22 04:02:34 pid 11588 is parsing uas_6hrPlevPt_MPI-ESM1-2-HR_ssp126_r1i1p1f1_gn_203001010600-203501010000.nc..."
[1] "2022-06-22 04:03:05 pid 33340 is parsing hurs_6hrPlev_MPI-ESM1-2-HR_ssp370_r1i1p1f1_gn_203001010300-203412312100.nc..."
[1] "2022-06-22 04:03:09 pid  5368 is parsing uas_6hrPlevPt_MPI-ESM1-2-HR_ssp370_r1i1p1f1_gn_210001010600-210101010000.nc..."
[1] "2022-06-22 04:03:48 pid 27156 is parsing ps_6hrLev_MPI-ESM1-2-HR_ssp245_r1i1p1f1_gn_201501010600-202001010000.nc..."
[1] "2022-06-22 04:04:16 pid  1012 is parsing ps_6hrLev_MPI-ESM1-2-HR_ssp370_r1i1p1f1_gn_205501010600-206001010000.nc..."
[1] "2022-06-22 04:06:32 pid  5368 is parsing uas_6hrPlevPt_MPI-ESM1-2-HR_ssp585_r1i1p1f1_gn_201501010600-202001010000.nc..."
[1] "2022-06-22 04:06:34 pid 26672 is parsing uas_6hrPlevPt_MPI-ESM1-2-HR_ssp245_r1i1p1f1_gn_206501010600-207001010000.nc..."
[1] "2022-06-22 04:06:43 pid  3020 is parsing hurs_6hrPlev_MPI-ESM1-2-HR_ssp585_r1i1p1f1_gn_207001010300-207412312100.nc..."
[1] "2022-06-22 04:08:11 pid 28104 is parsing vas_6hrPlevPt_MPI-ESM1-2-HR_ssp245_r1i1p1f1_gn_209001010600-209501010000.nc..."
[1] "2022-06-22 04:08:58 pid 16436 is parsing ps_6hrLev_MPI-ESM1-2-HR_ssp585_r1i1p1f1_gn_209501010600-210001010000.nc..."
[1] "2022-06-22 04:09:14 pid 31332 is parsing tas_6hrPlevPt_MPI-ESM1-2-HR_ssp370_r1i1p1f1_gn_208001010600-208501010000.nc..."
[1] "2022-06-22 04:11:24 pid 13504 is parsing tas_6hrPlevPt_MPI-ESM1-2-HR_ssp245_r1i1p1f1_gn_204501010600-205001010000.nc..."
[1] "2022-06-22 04:12:18 pid 13172 is parsing hurs_6hrPlev_MPI-ESM1-2-HR_ssp126_r1i1p1f1_gn_208001010300-208412312100.nc..."
[1] "2022-06-22 04:13:25 pid 33104 is parsing vas_6hrPlevPt_MPI-ESM1-2-HR_ssp126_r1i1p1f1_gn_206001010600-206501010000.nc..."
[1] "2022-06-22 04:15:13 pid 11588 is parsing uas_6hrPlevPt_MPI-ESM1-2-HR_ssp126_r1i1p1f1_gn_203501010600-204001010000.nc..."
[1] "2022-06-22 04:16:09 pid 33340 is parsing hurs_6hrPlev_MPI-ESM1-2-HR_ssp370_r1i1p1f1_gn_203501010300-203912312100.nc..."
[1] "2022-06-22 04:16:13 pid 11776 is parsing vas_6hrPlevPt_MPI-ESM1-2-HR_ssp585_r1i1p1f1_gn_204501010600-205001010000.nc..."
[1] "2022-06-22 04:17:24 pid  1012 is parsing ps_6hrLev_MPI-ESM1-2-HR_ssp370_r1i1p1f1_gn_206001010600-206501010000.nc..."
[1] "2022-06-22 04:17:56 pid 27156 is parsing ps_6hrLev_MPI-ESM1-2-HR_ssp245_r1i1p1f1_gn_202001010600-202501010000.nc..."
[1] "2022-06-22 04:20:15 pid  3020 is parsing hurs_6hrPlev_MPI-ESM1-2-HR_ssp585_r1i1p1f1_gn_207501010300-207912312100.nc..."
[1] "2022-06-22 04:20:28 pid  5368 is parsing uas_6hrPlevPt_MPI-ESM1-2-HR_ssp585_r1i1p1f1_gn_202001010600-202501010000.nc..."
[1] "2022-06-22 04:22:00 pid 26672 is parsing uas_6hrPlevPt_MPI-ESM1-2-HR_ssp245_r1i1p1f1_gn_207001010600-207501010000.nc..."
[1] "2022-06-22 04:23:08 pid 28104 is parsing vas_6hrPlevPt_MPI-ESM1-2-HR_ssp245_r1i1p1f1_gn_209501010600-210001010000.nc..."
[1] "2022-06-22 04:24:06 pid 16436 is parsing ps_6hrLev_MPI-ESM1-2-HR_ssp585_r1i1p1f1_gn_210001010600-210101010000.nc..."
[1] "2022-06-22 04:24:08 pid 31332 is parsing tas_6hrPlevPt_MPI-ESM1-2-HR_ssp370_r1i1p1f1_gn_208501010600-209001010000.nc..."
[1] "2022-06-22 04:24:58 pid 13504 is parsing tas_6hrPlevPt_MPI-ESM1-2-HR_ssp245_r1i1p1f1_gn_205001010600-205501010000.nc..."
[1] "2022-06-22 04:25:28 pid 13172 is parsing hurs_6hrPlev_MPI-ESM1-2-HR_ssp126_r1i1p1f1_gn_208501010300-208912312100.nc..."
[1] "2022-06-22 04:27:45 pid 16436 is parsing tas_6hrPlevPt_MPI-ESM1-2-HR_ssp126_r1i1p1f1_gn_201501010600-202001010000.nc..."
[1] "2022-06-22 04:27:51 pid 33104 is parsing vas_6hrPlevPt_MPI-ESM1-2-HR_ssp126_r1i1p1f1_gn_206501010600-207001010000.nc..."
[1] "2022-06-22 04:28:13 pid 11588 is parsing uas_6hrPlevPt_MPI-ESM1-2-HR_ssp126_r1i1p1f1_gn_204001010600-204501010000.nc..."
[1] "2022-06-22 04:28:56 pid 11776 is parsing vas_6hrPlevPt_MPI-ESM1-2-HR_ssp585_r1i1p1f1_gn_205001010600-205501010000.nc..."
[1] "2022-06-22 04:29:11 pid 33340 is parsing hurs_6hrPlev_MPI-ESM1-2-HR_ssp370_r1i1p1f1_gn_204001010300-204412312100.nc..."
[1] "2022-06-22 04:31:32 pid  1012 is parsing ps_6hrLev_MPI-ESM1-2-HR_ssp370_r1i1p1f1_gn_206501010600-207001010000.nc..."
[1] "2022-06-22 04:31:58 pid 27156 is parsing ps_6hrLev_MPI-ESM1-2-HR_ssp245_r1i1p1f1_gn_202501010600-203001010000.nc..."
[1] "2022-06-22 04:33:15 pid  3020 is parsing hurs_6hrPlev_MPI-ESM1-2-HR_ssp585_r1i1p1f1_gn_208001010300-208412312100.nc..."
[1] "2022-06-22 04:33:43 pid  5368 is parsing uas_6hrPlevPt_MPI-ESM1-2-HR_ssp585_r1i1p1f1_gn_202501010600-203001010000.nc..."
[1] "2022-06-22 04:35:32 pid 26672 is parsing uas_6hrPlevPt_MPI-ESM1-2-HR_ssp245_r1i1p1f1_gn_207501010600-208001010000.nc..."
[1] "2022-06-22 04:36:20 pid 28104 is parsing vas_6hrPlevPt_MPI-ESM1-2-HR_ssp245_r1i1p1f1_gn_210001010600-210101010000.nc..."
[1] "2022-06-22 04:39:15 pid 31332 is parsing tas_6hrPlevPt_MPI-ESM1-2-HR_ssp370_r1i1p1f1_gn_209001010600-209501010000.nc..."
[1] "2022-06-22 04:39:46 pid 28104 is parsing vas_6hrPlevPt_MPI-ESM1-2-HR_ssp370_r1i1p1f1_gn_201501010600-202001010000.nc..."
[1] "2022-06-22 04:40:28 pid 13504 is parsing tas_6hrPlevPt_MPI-ESM1-2-HR_ssp245_r1i1p1f1_gn_205501010600-206001010000.nc..."
[1] "2022-06-22 04:40:50 pid 13172 is parsing hurs_6hrPlev_MPI-ESM1-2-HR_ssp126_r1i1p1f1_gn_209001010300-209412312100.nc..."
[1] "2022-06-22 04:41:04 pid 16436 is parsing tas_6hrPlevPt_MPI-ESM1-2-HR_ssp126_r1i1p1f1_gn_202001010600-202501010000.nc..."
[1] "2022-06-22 04:42:01 pid 33104 is parsing vas_6hrPlevPt_MPI-ESM1-2-HR_ssp126_r1i1p1f1_gn_207001010600-207501010000.nc..."
[1] "2022-06-22 04:42:36 pid 11588 is parsing uas_6hrPlevPt_MPI-ESM1-2-HR_ssp126_r1i1p1f1_gn_204501010600-205001010000.nc..."
[1] "2022-06-22 04:43:43 pid 11776 is parsing vas_6hrPlevPt_MPI-ESM1-2-HR_ssp585_r1i1p1f1_gn_205501010600-206001010000.nc..."
[1] "2022-06-22 04:44:00 pid 33340 is parsing hurs_6hrPlev_MPI-ESM1-2-HR_ssp370_r1i1p1f1_gn_204501010300-204912312100.nc..."
[1] "2022-06-22 04:45:00 pid  1012 is parsing ps_6hrLev_MPI-ESM1-2-HR_ssp370_r1i1p1f1_gn_207001010600-207501010000.nc..."
[1] "2022-06-22 04:46:17 pid  5368 is parsing uas_6hrPlevPt_MPI-ESM1-2-HR_ssp585_r1i1p1f1_gn_203001010600-203501010000.nc..."
[1] "2022-06-22 04:46:49 pid 27156 is parsing ps_6hrLev_MPI-ESM1-2-HR_ssp245_r1i1p1f1_gn_203001010600-203501010000.nc..."
[1] "2022-06-22 04:47:21 pid  3020 is parsing hurs_6hrPlev_MPI-ESM1-2-HR_ssp585_r1i1p1f1_gn_208501010300-208912312100.nc..."
[1] "2022-06-22 04:49:10 pid 26672 is parsing uas_6hrPlevPt_MPI-ESM1-2-HR_ssp245_r1i1p1f1_gn_208001010600-208501010000.nc..."
[1] "2022-06-22 04:52:36 pid 28104 is parsing vas_6hrPlevPt_MPI-ESM1-2-HR_ssp370_r1i1p1f1_gn_202001010600-202501010000.nc..."
[1] "2022-06-22 04:52:51 pid 31332 is parsing tas_6hrPlevPt_MPI-ESM1-2-HR_ssp370_r1i1p1f1_gn_209501010600-210001010000.nc..."
[1] "2022-06-22 04:54:25 pid 13172 is parsing hurs_6hrPlev_MPI-ESM1-2-HR_ssp126_r1i1p1f1_gn_209501010300-209912312100.nc..."
[1] "2022-06-22 04:55:39 pid 13504 is parsing tas_6hrPlevPt_MPI-ESM1-2-HR_ssp245_r1i1p1f1_gn_206001010600-206501010000.nc..."
[1] "2022-06-22 04:56:19 pid 16436 is parsing tas_6hrPlevPt_MPI-ESM1-2-HR_ssp126_r1i1p1f1_gn_202501010600-203001010000.nc..."
[1] "2022-06-22 04:57:09 pid 11588 is parsing uas_6hrPlevPt_MPI-ESM1-2-HR_ssp126_r1i1p1f1_gn_205001010600-205501010000.nc..."
[1] "2022-06-22 04:57:11 pid 11776 is parsing vas_6hrPlevPt_MPI-ESM1-2-HR_ssp585_r1i1p1f1_gn_206001010600-206501010000.nc..."
[1] "2022-06-22 04:57:21 pid 33104 is parsing vas_6hrPlevPt_MPI-ESM1-2-HR_ssp126_r1i1p1f1_gn_207501010600-208001010000.nc..."
[1] "2022-06-22 04:57:52 pid 33340 is parsing hurs_6hrPlev_MPI-ESM1-2-HR_ssp370_r1i1p1f1_gn_205001010300-205412312100.nc..."
[1] "2022-06-22 04:58:39 pid  1012 is parsing ps_6hrLev_MPI-ESM1-2-HR_ssp370_r1i1p1f1_gn_207501010600-208001010000.nc..."
[1] "2022-06-22 05:00:04 pid  5368 is parsing uas_6hrPlevPt_MPI-ESM1-2-HR_ssp585_r1i1p1f1_gn_203501010600-204001010000.nc..."
[1] "2022-06-22 05:00:46 pid 27156 is parsing ps_6hrLev_MPI-ESM1-2-HR_ssp245_r1i1p1f1_gn_203501010600-204001010000.nc..."
[1] "2022-06-22 05:01:08 pid  3020 is parsing hurs_6hrPlev_MPI-ESM1-2-HR_ssp585_r1i1p1f1_gn_209001010300-209412312100.nc..."
[1] "2022-06-22 05:02:22 pid 26672 is parsing uas_6hrPlevPt_MPI-ESM1-2-HR_ssp245_r1i1p1f1_gn_208501010600-209001010000.nc..."
[1] "2022-06-22 05:05:13 pid 28104 is parsing vas_6hrPlevPt_MPI-ESM1-2-HR_ssp370_r1i1p1f1_gn_202501010600-203001010000.nc..."
[1] "2022-06-22 05:06:31 pid 31332 is parsing tas_6hrPlevPt_MPI-ESM1-2-HR_ssp370_r1i1p1f1_gn_210001010600-210101010000.nc..."
[1] "2022-06-22 05:07:38 pid 13172 is parsing hurs_6hrPlev_MPI-ESM1-2-HR_ssp126_r1i1p1f1_gn_210001010300-210012312100.nc..."
[1] "2022-06-22 05:09:54 pid 31332 is parsing tas_6hrPlevPt_MPI-ESM1-2-HR_ssp585_r1i1p1f1_gn_201501010600-202001010000.nc..."
[1] "2022-06-22 05:10:48 pid 11776 is parsing vas_6hrPlevPt_MPI-ESM1-2-HR_ssp585_r1i1p1f1_gn_206501010600-207001010000.nc..."
[1] "2022-06-22 05:10:55 pid 16436 is parsing tas_6hrPlevPt_MPI-ESM1-2-HR_ssp126_r1i1p1f1_gn_203001010600-203501010000.nc..."
[1] "2022-06-22 05:10:57 pid 13504 is parsing tas_6hrPlevPt_MPI-ESM1-2-HR_ssp245_r1i1p1f1_gn_206501010600-207001010000.nc..."
[1] "2022-06-22 05:11:41 pid 33104 is parsing vas_6hrPlevPt_MPI-ESM1-2-HR_ssp126_r1i1p1f1_gn_208001010600-208501010000.nc..."
[1] "2022-06-22 05:12:29 pid 33340 is parsing hurs_6hrPlev_MPI-ESM1-2-HR_ssp370_r1i1p1f1_gn_205501010300-205912312100.nc..."
[1] "2022-06-22 05:12:36 pid 13172 is parsing hurs_6hrPlev_MPI-ESM1-2-HR_ssp245_r1i1p1f1_gn_201501010300-201912312100.nc..."
[1] "2022-06-22 05:12:58 pid 11588 is parsing uas_6hrPlevPt_MPI-ESM1-2-HR_ssp126_r1i1p1f1_gn_205501010600-206001010000.nc..."
[1] "2022-06-22 05:13:22 pid  1012 is parsing ps_6hrLev_MPI-ESM1-2-HR_ssp370_r1i1p1f1_gn_208001010600-208501010000.nc..."
[1] "2022-06-22 05:14:03 pid  5368 is parsing uas_6hrPlevPt_MPI-ESM1-2-HR_ssp585_r1i1p1f1_gn_204001010600-204501010000.nc..."
[1] "2022-06-22 05:14:04 pid 27156 is parsing ps_6hrLev_MPI-ESM1-2-HR_ssp245_r1i1p1f1_gn_204001010600-204501010000.nc..."
[1] "2022-06-22 05:15:04 pid 26672 is parsing uas_6hrPlevPt_MPI-ESM1-2-HR_ssp245_r1i1p1f1_gn_209001010600-209501010000.nc..."
[1] "2022-06-22 05:15:32 pid  3020 is parsing hurs_6hrPlev_MPI-ESM1-2-HR_ssp585_r1i1p1f1_gn_209501010300-209912312100.nc..."
[1] "2022-06-22 05:18:10 pid 28104 is parsing vas_6hrPlevPt_MPI-ESM1-2-HR_ssp370_r1i1p1f1_gn_203001010600-203501010000.nc..."
[1] "2022-06-22 05:23:02 pid 31332 is parsing tas_6hrPlevPt_MPI-ESM1-2-HR_ssp585_r1i1p1f1_gn_202001010600-202501010000.nc..."
[1] "2022-06-22 05:23:45 pid 11776 is parsing vas_6hrPlevPt_MPI-ESM1-2-HR_ssp585_r1i1p1f1_gn_207001010600-207501010000.nc..."
[1] "2022-06-22 05:23:53 pid 16436 is parsing tas_6hrPlevPt_MPI-ESM1-2-HR_ssp126_r1i1p1f1_gn_203501010600-204001010000.nc..."
[1] "2022-06-22 05:24:48 pid 33104 is parsing vas_6hrPlevPt_MPI-ESM1-2-HR_ssp126_r1i1p1f1_gn_208501010600-209001010000.nc..."
[1] "2022-06-22 05:25:20 pid 13504 is parsing tas_6hrPlevPt_MPI-ESM1-2-HR_ssp245_r1i1p1f1_gn_207001010600-207501010000.nc..."
[1] "2022-06-22 05:25:57 pid 13172 is parsing hurs_6hrPlev_MPI-ESM1-2-HR_ssp245_r1i1p1f1_gn_202001010300-202412312100.nc..."
[1] "2022-06-22 05:26:32 pid 33340 is parsing hurs_6hrPlev_MPI-ESM1-2-HR_ssp370_r1i1p1f1_gn_206001010300-206412312100.nc..."
[1] "2022-06-22 05:26:52 pid 11588 is parsing uas_6hrPlevPt_MPI-ESM1-2-HR_ssp126_r1i1p1f1_gn_206001010600-206501010000.nc..."
[1] "2022-06-22 05:27:02 pid  1012 is parsing ps_6hrLev_MPI-ESM1-2-HR_ssp370_r1i1p1f1_gn_208501010600-209001010000.nc..."
[1] "2022-06-22 05:28:40 pid  5368 is parsing uas_6hrPlevPt_MPI-ESM1-2-HR_ssp585_r1i1p1f1_gn_204501010600-205001010000.nc..."
[1] "2022-06-22 05:28:53 pid 26672 is parsing uas_6hrPlevPt_MPI-ESM1-2-HR_ssp245_r1i1p1f1_gn_209501010600-210001010000.nc..."
[1] "2022-06-22 05:29:11 pid 27156 is parsing ps_6hrLev_MPI-ESM1-2-HR_ssp245_r1i1p1f1_gn_204501010600-205001010000.nc..."
[1] "2022-06-22 05:30:52 pid 28104 is parsing vas_6hrPlevPt_MPI-ESM1-2-HR_ssp370_r1i1p1f1_gn_203501010600-204001010000.nc..."
[1] "2022-06-22 05:30:54 pid  3020 is parsing hurs_6hrPlev_MPI-ESM1-2-HR_ssp585_r1i1p1f1_gn_210001010300-210012312100.nc..."
[1] "2022-06-22 05:34:47 pid  3020 is parsing ps_6hrLev_MPI-ESM1-2-HR_ssp126_r1i1p1f1_gn_201501010600-202001010000.nc..."
[1] "2022-06-22 05:37:28 pid 31332 is parsing tas_6hrPlevPt_MPI-ESM1-2-HR_ssp585_r1i1p1f1_gn_202501010600-203001010000.nc..."
[1] "2022-06-22 05:38:07 pid 16436 is parsing tas_6hrPlevPt_MPI-ESM1-2-HR_ssp126_r1i1p1f1_gn_204001010600-204501010000.nc..."
[1] "2022-06-22 05:38:55 pid 33104 is parsing vas_6hrPlevPt_MPI-ESM1-2-HR_ssp126_r1i1p1f1_gn_209001010600-209501010000.nc..."
[1] "2022-06-22 05:38:56 pid 11776 is parsing vas_6hrPlevPt_MPI-ESM1-2-HR_ssp585_r1i1p1f1_gn_207501010600-208001010000.nc..."
[1] "2022-06-22 05:39:17 pid 13504 is parsing tas_6hrPlevPt_MPI-ESM1-2-HR_ssp245_r1i1p1f1_gn_207501010600-208001010000.nc..."
[1] "2022-06-22 05:39:57 pid 13172 is parsing hurs_6hrPlev_MPI-ESM1-2-HR_ssp245_r1i1p1f1_gn_202501010300-202912312100.nc..."
[1] "2022-06-22 05:41:19 pid 33340 is parsing hurs_6hrPlev_MPI-ESM1-2-HR_ssp370_r1i1p1f1_gn_206501010300-206912312100.nc..."
[1] "2022-06-22 05:41:51 pid  1012 is parsing ps_6hrLev_MPI-ESM1-2-HR_ssp370_r1i1p1f1_gn_209001010600-209501010000.nc..."
[1] "2022-06-22 05:42:15 pid 11588 is parsing uas_6hrPlevPt_MPI-ESM1-2-HR_ssp126_r1i1p1f1_gn_206501010600-207001010000.nc..."
[1] "2022-06-22 05:43:04 pid  5368 is parsing uas_6hrPlevPt_MPI-ESM1-2-HR_ssp585_r1i1p1f1_gn_205001010600-205501010000.nc..."
[1] "2022-06-22 05:43:34 pid 26672 is parsing uas_6hrPlevPt_MPI-ESM1-2-HR_ssp245_r1i1p1f1_gn_210001010600-210101010000.nc..."
[1] "2022-06-22 05:44:13 pid 27156 is parsing ps_6hrLev_MPI-ESM1-2-HR_ssp245_r1i1p1f1_gn_205001010600-205501010000.nc..."
[1] "2022-06-22 05:44:42 pid 28104 is parsing vas_6hrPlevPt_MPI-ESM1-2-HR_ssp370_r1i1p1f1_gn_204001010600-204501010000.nc..."
[1] "2022-06-22 05:46:26 pid  3020 is parsing ps_6hrLev_MPI-ESM1-2-HR_ssp126_r1i1p1f1_gn_202001010600-202501010000.nc..."
[1] "2022-06-22 05:47:11 pid 26672 is parsing uas_6hrPlevPt_MPI-ESM1-2-HR_ssp370_r1i1p1f1_gn_201501010600-202001010000.nc..."
[1] "2022-06-22 05:50:14 pid 16436 is parsing tas_6hrPlevPt_MPI-ESM1-2-HR_ssp126_r1i1p1f1_gn_204501010600-205001010000.nc..."
[1] "2022-06-22 05:50:20 pid 31332 is parsing tas_6hrPlevPt_MPI-ESM1-2-HR_ssp585_r1i1p1f1_gn_203001010600-203501010000.nc..."
[1] "2022-06-22 05:53:12 pid 33104 is parsing vas_6hrPlevPt_MPI-ESM1-2-HR_ssp126_r1i1p1f1_gn_209501010600-210001010000.nc..."
[1] "2022-06-22 05:53:21 pid 11776 is parsing vas_6hrPlevPt_MPI-ESM1-2-HR_ssp585_r1i1p1f1_gn_208001010600-208501010000.nc..."
[1] "2022-06-22 05:53:49 pid 13504 is parsing tas_6hrPlevPt_MPI-ESM1-2-HR_ssp245_r1i1p1f1_gn_208001010600-208501010000.nc..."
[1] "2022-06-22 05:54:06 pid 13172 is parsing hurs_6hrPlev_MPI-ESM1-2-HR_ssp245_r1i1p1f1_gn_203001010300-203412312100.nc..."
[1] "2022-06-22 05:55:36 pid  1012 is parsing ps_6hrLev_MPI-ESM1-2-HR_ssp370_r1i1p1f1_gn_209501010600-210001010000.nc..."
[1] "2022-06-22 05:55:51 pid 33340 is parsing hurs_6hrPlev_MPI-ESM1-2-HR_ssp370_r1i1p1f1_gn_207001010300-207412312100.nc..."
[1] "2022-06-22 05:57:14 pid 11588 is parsing uas_6hrPlevPt_MPI-ESM1-2-HR_ssp126_r1i1p1f1_gn_207001010600-207501010000.nc..."
[1] "2022-06-22 05:57:26 pid  5368 is parsing uas_6hrPlevPt_MPI-ESM1-2-HR_ssp585_r1i1p1f1_gn_205501010600-206001010000.nc..."
[1] "2022-06-22 05:57:31 pid 28104 is parsing vas_6hrPlevPt_MPI-ESM1-2-HR_ssp370_r1i1p1f1_gn_204501010600-205001010000.nc..."
[1] "2022-06-22 05:58:31 pid 27156 is parsing ps_6hrLev_MPI-ESM1-2-HR_ssp245_r1i1p1f1_gn_205501010600-206001010000.nc..."
[1] "2022-06-22 05:59:58 pid 26672 is parsing uas_6hrPlevPt_MPI-ESM1-2-HR_ssp370_r1i1p1f1_gn_202001010600-202501010000.nc..."
[1] "2022-06-22 06:00:47 pid  3020 is parsing ps_6hrLev_MPI-ESM1-2-HR_ssp126_r1i1p1f1_gn_202501010600-203001010000.nc..."
[1] "2022-06-22 06:02:37 pid 16436 is parsing tas_6hrPlevPt_MPI-ESM1-2-HR_ssp126_r1i1p1f1_gn_205001010600-205501010000.nc..."
[1] "2022-06-22 06:02:53 pid 31332 is parsing tas_6hrPlevPt_MPI-ESM1-2-HR_ssp585_r1i1p1f1_gn_203501010600-204001010000.nc..."
[1] "2022-06-22 06:06:39 pid 11776 is parsing vas_6hrPlevPt_MPI-ESM1-2-HR_ssp585_r1i1p1f1_gn_208501010600-209001010000.nc..."
[1] "2022-06-22 06:07:46 pid 13172 is parsing hurs_6hrPlev_MPI-ESM1-2-HR_ssp245_r1i1p1f1_gn_203501010300-203912312100.nc..."
[1] "2022-06-22 06:07:47 pid 33104 is parsing vas_6hrPlevPt_MPI-ESM1-2-HR_ssp126_r1i1p1f1_gn_210001010600-210101010000.nc..."
[1] "2022-06-22 06:08:33 pid 13504 is parsing tas_6hrPlevPt_MPI-ESM1-2-HR_ssp245_r1i1p1f1_gn_208501010600-209001010000.nc..."
[1] "2022-06-22 06:10:02 pid  1012 is parsing ps_6hrLev_MPI-ESM1-2-HR_ssp370_r1i1p1f1_gn_210001010600-210101010000.nc..."
[1] "2022-06-22 06:10:12 pid 33340 is parsing hurs_6hrPlev_MPI-ESM1-2-HR_ssp370_r1i1p1f1_gn_207501010300-207912312100.nc..."
[1] "2022-06-22 06:11:16 pid  5368 is parsing uas_6hrPlevPt_MPI-ESM1-2-HR_ssp585_r1i1p1f1_gn_206001010600-206501010000.nc..."
[1] "2022-06-22 06:11:27 pid 11588 is parsing uas_6hrPlevPt_MPI-ESM1-2-HR_ssp126_r1i1p1f1_gn_207501010600-208001010000.nc..."
[1] "2022-06-22 06:12:06 pid 28104 is parsing vas_6hrPlevPt_MPI-ESM1-2-HR_ssp370_r1i1p1f1_gn_205001010600-205501010000.nc..."
[1] "2022-06-22 06:12:07 pid 27156 is parsing ps_6hrLev_MPI-ESM1-2-HR_ssp245_r1i1p1f1_gn_206001010600-206501010000.nc..."
[1] "2022-06-22 06:12:26 pid 33104 is parsing vas_6hrPlevPt_MPI-ESM1-2-HR_ssp245_r1i1p1f1_gn_201501010600-202001010000.nc..."
[1] "2022-06-22 06:12:58 pid 26672 is parsing uas_6hrPlevPt_MPI-ESM1-2-HR_ssp370_r1i1p1f1_gn_202501010600-203001010000.nc..."
[1] "2022-06-22 06:14:06 pid  3020 is parsing ps_6hrLev_MPI-ESM1-2-HR_ssp126_r1i1p1f1_gn_203001010600-203501010000.nc..."
[1] "2022-06-22 06:14:37 pid  1012 is parsing ps_6hrLev_MPI-ESM1-2-HR_ssp585_r1i1p1f1_gn_201501010600-202001010000.nc..."
[1] "2022-06-22 06:15:05 pid 16436 is parsing tas_6hrPlevPt_MPI-ESM1-2-HR_ssp126_r1i1p1f1_gn_205501010600-206001010000.nc..."
[1] "2022-06-22 06:15:17 pid 31332 is parsing tas_6hrPlevPt_MPI-ESM1-2-HR_ssp585_r1i1p1f1_gn_204001010600-204501010000.nc..."
[1] "2022-06-22 06:19:31 pid 11776 is parsing vas_6hrPlevPt_MPI-ESM1-2-HR_ssp585_r1i1p1f1_gn_209001010600-209501010000.nc..."
[1] "2022-06-22 06:21:20 pid 13172 is parsing hurs_6hrPlev_MPI-ESM1-2-HR_ssp245_r1i1p1f1_gn_204001010300-204412312100.nc..."
[1] "2022-06-22 06:22:09 pid 13504 is parsing tas_6hrPlevPt_MPI-ESM1-2-HR_ssp245_r1i1p1f1_gn_209001010600-209501010000.nc..."
[1] "2022-06-22 06:24:54 pid 33340 is parsing hurs_6hrPlev_MPI-ESM1-2-HR_ssp370_r1i1p1f1_gn_208001010300-208412312100.nc..."
[1] "2022-06-22 06:25:10 pid 11588 is parsing uas_6hrPlevPt_MPI-ESM1-2-HR_ssp126_r1i1p1f1_gn_208001010600-208501010000.nc..."
[1] "2022-06-22 06:25:55 pid  5368 is parsing uas_6hrPlevPt_MPI-ESM1-2-HR_ssp585_r1i1p1f1_gn_206501010600-207001010000.nc..."
[1] "2022-06-22 06:26:07 pid 28104 is parsing vas_6hrPlevPt_MPI-ESM1-2-HR_ssp370_r1i1p1f1_gn_205501010600-206001010000.nc..."
[1] "2022-06-22 06:26:47 pid 26672 is parsing uas_6hrPlevPt_MPI-ESM1-2-HR_ssp370_r1i1p1f1_gn_203001010600-203501010000.nc..."
[1] "2022-06-22 06:27:13 pid 27156 is parsing ps_6hrLev_MPI-ESM1-2-HR_ssp245_r1i1p1f1_gn_206501010600-207001010000.nc..."
[1] "2022-06-22 06:28:12 pid 33104 is parsing vas_6hrPlevPt_MPI-ESM1-2-HR_ssp245_r1i1p1f1_gn_202001010600-202501010000.nc..."
[1] "2022-06-22 06:28:18 pid 31332 is parsing tas_6hrPlevPt_MPI-ESM1-2-HR_ssp585_r1i1p1f1_gn_204501010600-205001010000.nc..."
[1] "2022-06-22 06:28:42 pid  3020 is parsing ps_6hrLev_MPI-ESM1-2-HR_ssp126_r1i1p1f1_gn_203501010600-204001010000.nc..."
[1] "2022-06-22 06:29:37 pid  1012 is parsing ps_6hrLev_MPI-ESM1-2-HR_ssp585_r1i1p1f1_gn_202001010600-202501010000.nc..."
[1] "2022-06-22 06:29:50 pid 16436 is parsing tas_6hrPlevPt_MPI-ESM1-2-HR_ssp126_r1i1p1f1_gn_206001010600-206501010000.nc..."
[1] "2022-06-22 06:33:34 pid 13172 is parsing hurs_6hrPlev_MPI-ESM1-2-HR_ssp245_r1i1p1f1_gn_204501010300-204912312100.nc..."
[1] "2022-06-22 06:33:42 pid 11776 is parsing vas_6hrPlevPt_MPI-ESM1-2-HR_ssp585_r1i1p1f1_gn_209501010600-210001010000.nc..."
[1] "2022-06-22 06:35:29 pid 13504 is parsing tas_6hrPlevPt_MPI-ESM1-2-HR_ssp245_r1i1p1f1_gn_209501010600-210001010000.nc..."
[1] "2022-06-22 06:39:08 pid 11588 is parsing uas_6hrPlevPt_MPI-ESM1-2-HR_ssp126_r1i1p1f1_gn_208501010600-209001010000.nc..."
[1] "2022-06-22 06:39:15 pid 33340 is parsing hurs_6hrPlev_MPI-ESM1-2-HR_ssp370_r1i1p1f1_gn_208501010300-208912312100.nc..."
[1] "2022-06-22 06:40:26 pid  5368 is parsing uas_6hrPlevPt_MPI-ESM1-2-HR_ssp585_r1i1p1f1_gn_207001010600-207501010000.nc..."
[1] "2022-06-22 06:40:55 pid 28104 is parsing vas_6hrPlevPt_MPI-ESM1-2-HR_ssp370_r1i1p1f1_gn_206001010600-206501010000.nc..."
[1] "2022-06-22 06:41:26 pid 26672 is parsing uas_6hrPlevPt_MPI-ESM1-2-HR_ssp370_r1i1p1f1_gn_203501010600-204001010000.nc..."
[1] "2022-06-22 06:41:46 pid 31332 is parsing tas_6hrPlevPt_MPI-ESM1-2-HR_ssp585_r1i1p1f1_gn_205001010600-205501010000.nc..."
[1] "2022-06-22 06:42:15 pid 27156 is parsing ps_6hrLev_MPI-ESM1-2-HR_ssp245_r1i1p1f1_gn_207001010600-207501010000.nc..."
[1] "2022-06-22 06:44:38 pid  1012 is parsing ps_6hrLev_MPI-ESM1-2-HR_ssp585_r1i1p1f1_gn_202501010600-203001010000.nc..."
[1] "2022-06-22 06:45:42 pid 13172 is parsing hurs_6hrPlev_MPI-ESM1-2-HR_ssp245_r1i1p1f1_gn_205001010300-205412312100.nc..."
[1] "2022-06-22 06:46:16 pid 11776 is parsing vas_6hrPlevPt_MPI-ESM1-2-HR_ssp585_r1i1p1f1_gn_210001010600-210101010000.nc..."
[1] "2022-06-22 06:47:22 pid 13504 is parsing tas_6hrPlevPt_MPI-ESM1-2-HR_ssp245_r1i1p1f1_gn_210001010600-210101010000.nc..."
[1] "2022-06-22 06:51:51 pid 33340 is parsing hurs_6hrPlev_MPI-ESM1-2-HR_ssp370_r1i1p1f1_gn_209001010300-209412312100.nc..."
[1] "2022-06-22 06:52:33 pid  5368 is parsing uas_6hrPlevPt_MPI-ESM1-2-HR_ssp585_r1i1p1f1_gn_207501010600-208001010000.nc..."
[1] "2022-06-22 06:54:08 pid 27156 is parsing ps_6hrLev_MPI-ESM1-2-HR_ssp245_r1i1p1f1_gn_207501010600-208001010000.nc..."
