starting worker pid=13200 on localhost:11450 at 22:13:15.742
starting worker pid=38192 on localhost:11450 at 22:13:15.921
starting worker pid=38816 on localhost:11450 at 22:13:16.074
starting worker pid=38744 on localhost:11450 at 22:13:16.227
starting worker pid=19000 on localhost:11450 at 22:13:16.383
starting worker pid=13348 on localhost:11450 at 22:13:16.536
starting worker pid=39224 on localhost:11450 at 22:13:16.691
starting worker pid=33976 on localhost:11450 at 22:13:16.842
starting worker pid=37708 on localhost:11450 at 22:13:16.997
starting worker pid=23480 on localhost:11450 at 22:13:17.149
starting worker pid=13476 on localhost:11450 at 22:13:17.302
starting worker pid=11324 on localhost:11450 at 22:13:17.453
starting worker pid=35536 on localhost:11450 at 22:13:17.604
starting worker pid=25968 on localhost:11450 at 22:13:17.754
starting worker pid=3356 on localhost:11450 at 22:13:17.905
starting worker pid=17164 on localhost:11450 at 22:13:18.055
starting worker pid=37856 on localhost:11450 at 22:13:18.209
starting worker pid=11980 on localhost:11450 at 22:13:18.364
starting worker pid=39468 on localhost:11450 at 22:13:18.515
starting worker pid=10924 on localhost:11450 at 22:13:18.666
[1] "2022-11-17 22:15:59 pid 10924 icao SPZO Loading simulation data"
[1] "2022-11-17 22:16:24 pid 13200 icao SKMR Loading simulation data"
[1] "2022-11-17 22:22:15 pid 10924 icao SPZO itr   1 t/o = 2,010,288"
[1] "2022-11-17 22:22:15 pid 13200 icao SKMR itr   1 t/o = 2,010,288"
[1] "2022-11-17 22:23:07 pid 13200 icao SKMR itr   2 t/o = 2,010,288"
[1] "2022-11-17 22:23:07 pid 10924 icao SPZO itr   2 t/o = 2,010,288"
[1] "2022-11-17 22:23:59 pid 13200 icao SKMR itr   3 t/o = 2,010,288"
[1] "2022-11-17 22:24:00 pid 10924 icao SPZO itr   3 t/o = 2,010,288"
[1] "2022-11-17 22:24:51 pid 13200 icao SKMR itr   4 t/o = 2,010,288"
[1] "2022-11-17 22:24:51 pid 10924 icao SPZO itr   4 t/o = 2,010,288"
[1] "2022-11-17 22:25:45 pid 13200 icao SKMR itr   5 t/o = 2,010,288"
[1] "2022-11-17 22:25:46 pid 10924 icao SPZO itr   5 t/o = 2,010,288"
[1] "2022-11-17 22:26:37 pid 13200 icao SKMR itr   6 t/o = 2,010,288"
[1] "2022-11-17 22:26:37 pid 10924 icao SPZO itr   6 t/o = 2,010,288"
[1] "2022-11-17 22:27:30 pid 13200 icao SKMR itr   7 t/o = 2,010,288"
[1] "2022-11-17 22:27:30 pid 10924 icao SPZO itr   7 t/o = 2,010,288"
[1] "2022-11-17 22:28:22 pid 13200 icao SKMR itr   8 t/o = 2,010,286"
[1] "2022-11-17 22:28:24 pid 10924 icao SPZO itr   8 t/o = 2,010,288"
[1] "2022-11-17 22:29:15 pid 13200 icao SKMR itr   9 t/o = 2,010,228"
[1] "2022-11-17 22:29:16 pid 10924 icao SPZO itr   9 t/o = 2,010,288"
[1] "2022-11-17 22:30:07 pid 13200 icao SKMR itr  10 t/o = 2,009,390"
[1] "2022-11-17 22:30:09 pid 10924 icao SPZO itr  10 t/o = 2,010,288"
[1] "2022-11-17 22:31:01 pid 13200 icao SKMR itr  11 t/o = 2,003,846"
[1] "2022-11-17 22:31:02 pid 10924 icao SPZO itr  11 t/o = 2,010,288"
[1] "2022-11-17 22:31:53 pid 13200 icao SKMR itr  12 t/o = 1,986,151"
[1] "2022-11-17 22:31:56 pid 10924 icao SPZO itr  12 t/o = 2,010,288"
[1] "2022-11-17 22:32:46 pid 13200 icao SKMR itr  13 t/o = 1,923,367"
[1] "2022-11-17 22:32:50 pid 10924 icao SPZO itr  13 t/o = 2,010,288"
[1] "2022-11-17 22:33:36 pid 13200 icao SKMR itr  14 t/o = 1,754,393"
[1] "2022-11-17 22:33:43 pid 10924 icao SPZO itr  14 t/o = 2,010,288"
[1] "2022-11-17 22:34:22 pid 13200 icao SKMR itr  15 t/o = 1,579,030"
[1] "2022-11-17 22:34:37 pid 10924 icao SPZO itr  15 t/o = 2,010,288"
[1] "2022-11-17 22:35:03 pid 13200 icao SKMR itr  16 t/o = 1,515,044"
[1] "2022-11-17 22:35:30 pid 10924 icao SPZO itr  16 t/o = 2,010,288"
[1] "2022-11-17 22:35:44 pid 13200 icao SKMR itr  17 t/o = 1,507,737"
[1] "2022-11-17 22:36:23 pid 13200 icao SKMR itr  18 t/o = 1,507,716"
[1] "2022-11-17 22:36:24 pid 10924 icao SPZO itr  17 t/o = 2,010,288"
[1] "2022-11-17 22:37:02 pid 13200 icao SKMR itr  19 t/o = 1,507,716"
[1] "2022-11-17 22:37:17 pid 10924 icao SPZO itr  18 t/o = 2,010,288"
[1] "2022-11-17 22:37:41 pid 13200 icao SKMR itr  20 t/o = 1,507,716"
[1] "2022-11-17 22:38:10 pid 10924 icao SPZO itr  19 t/o = 2,010,288"
[1] "2022-11-17 22:38:20 pid 13200 icao SKMR itr  21 t/o = 1,507,716"
[1] "2022-11-17 22:38:59 pid 13200 icao SKMR itr  22 t/o = 1,507,716"
[1] "2022-11-17 22:39:02 pid 10924 icao SPZO itr  20 t/o = 2,010,288"
[1] "2022-11-17 22:39:38 pid 13200 icao SKMR itr  23 t/o = 1,507,716"
[1] "2022-11-17 22:39:55 pid 10924 icao SPZO itr  21 t/o = 2,010,288"
[1] "2022-11-17 22:40:17 pid 13200 icao SKMR itr  24 t/o = 1,507,716"
[1] "2022-11-17 22:40:47 pid 10924 icao SPZO itr  22 t/o = 2,010,288"
[1] "2022-11-17 22:40:56 pid 13200 icao SKMR itr  25 t/o = 1,507,716"
[1] "2022-11-17 22:41:35 pid 13200 icao SKMR itr  26 t/o = 1,507,716"
[1] "2022-11-17 22:41:40 pid 10924 icao SPZO itr  23 t/o = 2,010,288"
[1] "2022-11-17 22:42:14 pid 13200 icao SKMR itr  27 t/o = 1,507,716"
[1] "2022-11-17 22:42:33 pid 10924 icao SPZO itr  24 t/o = 2,010,288"
[1] "2022-11-17 22:42:53 pid 13200 icao SKMR itr  28 t/o = 1,507,716"
[1] "2022-11-17 22:43:26 pid 10924 icao SPZO itr  25 t/o = 2,010,288"
[1] "2022-11-17 22:43:32 pid 13200 icao SKMR itr  29 t/o = 1,507,716"
[1] "2022-11-17 22:44:11 pid 13200 icao SKMR itr  30 t/o = 1,507,716"
[1] "2022-11-17 22:44:19 pid 10924 icao SPZO itr  26 t/o = 2,010,288"
[1] "2022-11-17 22:44:50 pid 13200 icao SKMR itr  31 t/o = 1,507,716"
[1] "2022-11-17 22:45:12 pid 10924 icao SPZO itr  27 t/o = 2,010,288"
[1] "2022-11-17 22:45:29 pid 13200 icao SKMR itr  32 t/o = 1,507,716"
[1] "2022-11-17 22:46:06 pid 10924 icao SPZO itr  28 t/o = 2,010,288"
[1] "2022-11-17 22:46:09 pid 13200 icao SKMR itr  33 t/o = 1,507,716"
[1] "2022-11-17 22:46:49 pid 13200 icao SKMR itr  34 t/o = 1,507,716"
[1] "2022-11-17 22:46:59 pid 10924 icao SPZO itr  29 t/o = 2,010,288"
[1] "2022-11-17 22:47:27 pid 13200 icao SKMR itr  35 t/o = 1,507,716"
[1] "2022-11-17 22:47:52 pid 10924 icao SPZO itr  30 t/o = 2,010,288"
[1] "2022-11-17 22:48:07 pid 13200 icao SKMR itr  36 t/o = 1,507,716"
[1] "2022-11-17 22:48:46 pid 10924 icao SPZO itr  31 t/o = 2,010,288"
[1] "2022-11-17 22:48:48 pid 13200 icao SKMR itr  37 t/o = 1,507,716"
[1] "2022-11-17 22:49:26 pid 13200 icao SKMR itr  38 t/o = 1,507,716"
[1] "2022-11-17 22:49:39 pid 10924 icao SPZO itr  32 t/o = 2,010,288"
[1] "2022-11-17 22:50:06 pid 13200 icao SKMR itr  39 t/o = 1,507,716"
[1] "2022-11-17 22:50:33 pid 10924 icao SPZO itr  33 t/o = 2,010,288"
[1] "2022-11-17 22:50:47 pid 13200 icao SKMR itr  40 t/o = 1,507,716"
[1] "2022-11-17 22:51:28 pid 13200 icao SKMR itr  41 t/o = 1,507,716"
[1] "2022-11-17 22:51:28 pid 10924 icao SPZO itr  34 t/o = 2,010,288"
[1] "2022-11-17 22:52:07 pid 13200 icao SKMR itr  42 t/o = 1,507,716"
[1] "2022-11-17 22:52:21 pid 10924 icao SPZO itr  35 t/o = 2,010,288"
[1] "2022-11-17 22:52:46 pid 13200 icao SKMR itr  43 t/o = 1,507,716"
[1] "2022-11-17 22:53:14 pid 10924 icao SPZO itr  36 t/o = 2,010,288"
[1] "2022-11-17 22:53:26 pid 13200 icao SKMR itr  44 t/o = 1,507,716"
[1] "2022-11-17 22:54:05 pid 13200 icao SKMR itr  45 t/o = 1,507,716"
[1] "2022-11-17 22:54:08 pid 10924 icao SPZO itr  37 t/o = 2,010,288"
[1] "2022-11-17 22:54:44 pid 13200 icao SKMR itr  46 t/o = 1,507,716"
[1] "2022-11-17 22:55:01 pid 10924 icao SPZO itr  38 t/o = 2,010,288"
[1] "2022-11-17 22:55:24 pid 13200 icao SKMR itr  47 t/o = 1,507,716"
[1] "2022-11-17 22:55:55 pid 10924 icao SPZO itr  39 t/o = 2,010,288"
[1] "2022-11-17 22:56:03 pid 13200 icao SKMR itr  48 t/o = 1,507,716"
[1] "2022-11-17 22:56:43 pid 13200 icao SKMR itr  49 t/o = 1,507,716"
[1] "2022-11-17 22:56:48 pid 10924 icao SPZO itr  40 t/o = 2,010,288"
[1] "2022-11-17 22:57:22 pid 13200 icao SKMR itr  50 t/o = 1,507,716"
[1] "2022-11-17 22:57:41 pid 10924 icao SPZO itr  41 t/o = 2,010,288"
[1] "2022-11-17 22:58:01 pid 13200 icao SKMR itr  51 t/o = 1,507,716"
[1] "2022-11-17 22:58:33 pid 10924 icao SPZO itr  42 t/o = 2,010,288"
[1] "2022-11-17 22:58:40 pid 13200 icao SKMR itr  52 t/o = 1,507,716"
[1] "2022-11-17 22:59:18 pid 13200 icao SKMR itr  53 t/o = 1,507,715"
[1] "2022-11-17 22:59:26 pid 10924 icao SPZO itr  43 t/o = 2,010,288"
[1] "2022-11-17 22:59:57 pid 13200 icao SKMR itr  54 t/o = 1,507,715"
[1] "2022-11-17 23:00:19 pid 10924 icao SPZO itr  44 t/o = 2,010,288"
[1] "2022-11-17 23:00:36 pid 13200 icao SKMR itr  55 t/o = 1,507,715"
[1] "2022-11-17 23:01:11 pid 10924 icao SPZO itr  45 t/o = 2,010,288"
[1] "2022-11-17 23:01:15 pid 13200 icao SKMR itr  56 t/o = 1,507,714"
[1] "2022-11-17 23:01:54 pid 13200 icao SKMR itr  57 t/o = 1,507,714"
[1] "2022-11-17 23:02:04 pid 10924 icao SPZO itr  46 t/o = 2,010,288"
[1] "2022-11-17 23:02:33 pid 13200 icao SKMR itr  58 t/o = 1,507,713"
[1] "2022-11-17 23:02:57 pid 10924 icao SPZO itr  47 t/o = 2,010,288"
[1] "2022-11-17 23:03:12 pid 13200 icao SKMR itr  59 t/o = 1,507,713"
[1] "2022-11-17 23:03:49 pid 10924 icao SPZO itr  48 t/o = 2,010,288"
[1] "2022-11-17 23:03:51 pid 13200 icao SKMR itr  60 t/o = 1,507,712"
[1] "2022-11-17 23:04:30 pid 13200 icao SKMR itr  61 t/o = 1,507,707"
[1] "2022-11-17 23:04:42 pid 10924 icao SPZO itr  49 t/o = 2,010,288"
[1] "2022-11-17 23:05:08 pid 13200 icao SKMR itr  62 t/o = 1,507,699"
[1] "2022-11-17 23:05:34 pid 10924 icao SPZO itr  50 t/o = 2,010,288"
[1] "2022-11-17 23:05:47 pid 13200 icao SKMR itr  63 t/o = 1,507,689"
[1] "2022-11-17 23:06:26 pid 13200 icao SKMR itr  64 t/o = 1,507,672"
[1] "2022-11-17 23:06:27 pid 10924 icao SPZO itr  51 t/o = 2,010,288"
[1] "2022-11-17 23:07:06 pid 13200 icao SKMR itr  65 t/o = 1,507,646"
[1] "2022-11-17 23:07:19 pid 10924 icao SPZO itr  52 t/o = 2,010,288"
[1] "2022-11-17 23:07:45 pid 13200 icao SKMR itr  66 t/o = 1,507,604"
[1] "2022-11-17 23:08:13 pid 10924 icao SPZO itr  53 t/o = 2,010,285"
[1] "2022-11-17 23:08:25 pid 13200 icao SKMR itr  67 t/o = 1,507,544"
[1] "2022-11-17 23:09:04 pid 13200 icao SKMR itr  68 t/o = 1,507,462"
[1] "2022-11-17 23:09:06 pid 10924 icao SPZO itr  54 t/o = 2,010,285"
[1] "2022-11-17 23:09:43 pid 13200 icao SKMR itr  69 t/o = 1,507,350"
[1] "2022-11-17 23:09:59 pid 10924 icao SPZO itr  55 t/o = 2,010,284"
[1] "2022-11-17 23:10:22 pid 13200 icao SKMR itr  70 t/o = 1,507,222"
[1] "2022-11-17 23:10:51 pid 10924 icao SPZO itr  56 t/o = 2,010,282"
[1] "2022-11-17 23:11:01 pid 13200 icao SKMR itr  71 t/o = 1,507,054"
[1] "2022-11-17 23:11:39 pid 13200 icao SKMR itr  72 t/o = 1,506,814"
[1] "2022-11-17 23:11:44 pid 10924 icao SPZO itr  57 t/o = 2,010,277"
[1] "2022-11-17 23:12:18 pid 13200 icao SKMR itr  73 t/o = 1,506,471"
[1] "2022-11-17 23:12:36 pid 10924 icao SPZO itr  58 t/o = 2,010,264"
[1] "2022-11-17 23:12:57 pid 13200 icao SKMR itr  74 t/o = 1,005,144"
[1] "2022-11-17 23:13:23 pid 13200 icao SKMR itr  75 t/o = 1,005,144"
[1] "2022-11-17 23:13:29 pid 10924 icao SPZO itr  59 t/o = 2,010,254"
[1] "2022-11-17 23:13:48 pid 13200 icao SKMR itr  76 t/o = 1,005,144"
[1] "2022-11-17 23:14:14 pid 13200 icao SKMR itr  77 t/o = 1,005,144"
[1] "2022-11-17 23:14:21 pid 10924 icao SPZO itr  60 t/o = 2,010,242"
[1] "2022-11-17 23:14:39 pid 13200 icao SKMR itr  78 t/o = 1,005,144"
[1] "2022-11-17 23:15:05 pid 13200 icao SKMR itr  79 t/o = 1,005,144"
[1] "2022-11-17 23:15:14 pid 10924 icao SPZO itr  61 t/o = 2,010,223"
[1] "2022-11-17 23:15:31 pid 13200 icao SKMR itr  80 t/o = 1,005,144"
[1] "2022-11-17 23:15:56 pid 13200 icao SKMR itr  81 t/o = 1,005,144"
[1] "2022-11-17 23:16:06 pid 10924 icao SPZO itr  62 t/o = 2,010,206"
[1] "2022-11-17 23:16:21 pid 13200 icao SKMR itr  82 t/o = 1,005,144"
[1] "2022-11-17 23:16:46 pid 13200 icao SKMR itr  83 t/o = 1,005,144"
[1] "2022-11-17 23:16:59 pid 10924 icao SPZO itr  63 t/o = 2,010,169"
[1] "2022-11-17 23:17:12 pid 13200 icao SKMR itr  84 t/o = 1,005,144"
[1] "2022-11-17 23:17:37 pid 13200 icao SKMR itr  85 t/o = 1,005,144"
[1] "2022-11-17 23:17:51 pid 10924 icao SPZO itr  64 t/o = 2,010,117"
[1] "2022-11-17 23:18:03 pid 13200 icao SKMR itr  86 t/o = 1,005,144"
[1] "2022-11-17 23:18:28 pid 13200 icao SKMR itr  87 t/o = 1,005,144"
[1] "2022-11-17 23:18:44 pid 10924 icao SPZO itr  65 t/o = 2,010,065"
[1] "2022-11-17 23:18:53 pid 13200 icao SKMR itr  88 t/o = 1,005,144"
[1] "2022-11-17 23:19:18 pid 13200 icao SKMR itr  89 t/o = 1,005,144"
[1] "2022-11-17 23:19:36 pid 10924 icao SPZO itr  66 t/o = 2,009,976"
[1] "2022-11-17 23:19:43 pid 13200 icao SKMR itr  90 t/o = 1,005,144"
[1] "2022-11-17 23:20:09 pid 13200 icao SKMR itr  91 t/o = 1,005,144"
[1] "2022-11-17 23:20:29 pid 10924 icao SPZO itr  67 t/o = 2,009,838"
[1] "2022-11-17 23:20:35 pid 13200 icao SKMR itr  92 t/o = 1,005,144"
[1] "2022-11-17 23:21:00 pid 13200 icao SKMR itr  93 t/o = 1,005,144"
[1] "2022-11-17 23:21:21 pid 10924 icao SPZO itr  68 t/o = 2,009,649"
[1] "2022-11-17 23:21:26 pid 13200 icao SKMR itr  94 t/o = 1,005,144"
[1] "2022-11-17 23:21:52 pid 13200 icao SKMR itr  95 t/o = 1,005,144"
[1] "2022-11-17 23:22:14 pid 10924 icao SPZO itr  69 t/o = 2,009,380"
[1] "2022-11-17 23:22:17 pid 13200 icao SKMR itr  96 t/o = 1,005,144"
[1] "2022-11-17 23:22:43 pid 13200 icao SKMR itr  97 t/o =   502,572"
[1] "2022-11-17 23:22:55 pid 13200 icao SKMR itr  98 t/o =   502,572"
[1] "2022-11-17 23:23:07 pid 13200 icao SKMR itr  99 t/o =   502,572"
[1] "2022-11-17 23:23:08 pid 10924 icao SPZO itr  70 t/o = 2,009,052"
[1] "2022-11-17 23:23:20 pid 13200 icao SKMR itr 100 t/o =   502,572"
[1] "2022-11-17 23:23:33 pid 13200 icao SKMR itr 101 t/o =   502,572"
[1] "2022-11-17 23:23:46 pid 13200 icao SKMR itr 102 t/o =   502,572"
[1] "2022-11-17 23:23:58 pid 13200 icao SKMR itr 103 t/o =   502,572"
[1] "2022-11-17 23:24:01 pid 10924 icao SPZO itr  71 t/o = 2,008,530"
[1] "2022-11-17 23:24:11 pid 13200 icao SKMR itr 104 t/o =   502,572"
[1] "2022-11-17 23:24:23 pid 13200 icao SKMR Writing 2,010,288 rows to the database"
[1] "2022-11-17 23:24:54 pid 10924 icao SPZO itr  72 t/o = 2,007,953"
[1] "2022-11-17 23:25:46 pid 10924 icao SPZO itr  73 t/o = 2,007,143"
[1] "2022-11-17 23:26:39 pid 10924 icao SPZO itr  74 t/o = 2,006,119"
[1] "2022-11-17 23:27:30 pid 10924 icao SPZO itr  75 t/o = 2,004,851"
[1] "2022-11-17 23:27:54 pid 13200 icao SKMR Wrote   2,010,288 rows to the database"
[1] "2022-11-17 23:28:22 pid 10924 icao SPZO itr  76 t/o = 2,003,125"
[1] "2022-11-17 23:29:14 pid 10924 icao SPZO itr  77 t/o = 2,000,807"
[1] "2022-11-17 23:30:05 pid 10924 icao SPZO itr  78 t/o = 1,997,785"
[1] "2022-11-17 23:30:56 pid 10924 icao SPZO itr  79 t/o = 1,993,966"
[1] "2022-11-17 23:31:47 pid 10924 icao SPZO itr  80 t/o = 1,989,531"
[1] "2022-11-17 23:32:38 pid 10924 icao SPZO itr  81 t/o = 1,984,035"
[1] "2022-11-17 23:33:29 pid 10924 icao SPZO itr  82 t/o = 1,977,897"
[1] "2022-11-17 23:34:20 pid 10924 icao SPZO itr  83 t/o = 1,970,135"
[1] "2022-11-17 23:35:11 pid 10924 icao SPZO itr  84 t/o = 1,961,121"
[1] "2022-11-17 23:36:02 pid 10924 icao SPZO itr  85 t/o = 1,951,779"
[1] "2022-11-17 23:36:51 pid 10924 icao SPZO itr  86 t/o = 1,507,716"
[1] "2022-11-17 23:37:30 pid 10924 icao SPZO itr  87 t/o = 1,507,716"
[1] "2022-11-17 23:38:09 pid 10924 icao SPZO itr  88 t/o = 1,507,716"
[1] "2022-11-17 23:38:47 pid 10924 icao SPZO itr  89 t/o = 1,507,716"
[1] "2022-11-17 23:39:25 pid 10924 icao SPZO itr  90 t/o = 1,507,716"
[1] "2022-11-17 23:40:03 pid 10924 icao SPZO itr  91 t/o = 1,507,716"
[1] "2022-11-17 23:40:42 pid 10924 icao SPZO itr  92 t/o = 1,507,716"
[1] "2022-11-17 23:41:19 pid 10924 icao SPZO itr  93 t/o = 1,507,716"
[1] "2022-11-17 23:41:58 pid 10924 icao SPZO itr  94 t/o = 1,507,716"
[1] "2022-11-17 23:42:36 pid 10924 icao SPZO itr  95 t/o = 1,507,716"
[1] "2022-11-17 23:43:14 pid 10924 icao SPZO itr  96 t/o = 1,507,716"
[1] "2022-11-17 23:43:52 pid 10924 icao SPZO itr  97 t/o = 1,507,716"
[1] "2022-11-17 23:44:31 pid 10924 icao SPZO itr  98 t/o = 1,507,716"
[1] "2022-11-17 23:45:09 pid 10924 icao SPZO itr  99 t/o = 1,005,144"
[1] "2022-11-17 23:45:34 pid 10924 icao SPZO itr 100 t/o = 1,005,144"
[1] "2022-11-17 23:45:59 pid 10924 icao SPZO itr 101 t/o = 1,005,144"
[1] "2022-11-17 23:46:25 pid 10924 icao SPZO itr 102 t/o = 1,005,144"
[1] "2022-11-17 23:46:50 pid 10924 icao SPZO itr 103 t/o = 1,005,144"
[1] "2022-11-17 23:47:15 pid 10924 icao SPZO itr 104 t/o = 1,005,144"
[1] "2022-11-17 23:47:40 pid 10924 icao SPZO itr 105 t/o = 1,005,144"
[1] "2022-11-17 23:48:05 pid 10924 icao SPZO itr 106 t/o = 1,005,144"
[1] "2022-11-17 23:48:30 pid 10924 icao SPZO itr 107 t/o = 1,005,144"
[1] "2022-11-17 23:48:55 pid 10924 icao SPZO itr 108 t/o = 1,005,144"
[1] "2022-11-17 23:49:20 pid 10924 icao SPZO itr 109 t/o = 1,005,144"
[1] "2022-11-17 23:49:44 pid 10924 icao SPZO itr 110 t/o = 1,005,144"
[1] "2022-11-17 23:50:09 pid 10924 icao SPZO itr 111 t/o = 1,005,144"
[1] "2022-11-17 23:50:34 pid 10924 icao SPZO itr 112 t/o = 1,005,144"
[1] "2022-11-17 23:50:59 pid 10924 icao SPZO itr 113 t/o = 1,005,144"
[1] "2022-11-17 23:51:24 pid 10924 icao SPZO itr 114 t/o = 1,005,144"
[1] "2022-11-17 23:51:49 pid 10924 icao SPZO itr 115 t/o = 1,005,144"
[1] "2022-11-17 23:52:14 pid 10924 icao SPZO itr 116 t/o = 1,005,144"
[1] "2022-11-17 23:52:40 pid 10924 icao SPZO itr 117 t/o = 1,005,144"
[1] "2022-11-17 23:53:06 pid 10924 icao SPZO itr 118 t/o = 1,005,144"
[1] "2022-11-17 23:53:31 pid 10924 icao SPZO itr 119 t/o = 1,005,144"
[1] "2022-11-17 23:53:56 pid 10924 icao SPZO itr 120 t/o = 1,005,144"
[1] "2022-11-17 23:54:21 pid 10924 icao SPZO itr 121 t/o = 1,005,144"
[1] "2022-11-17 23:54:45 pid 10924 icao SPZO itr 122 t/o =   502,572"
[1] "2022-11-17 23:54:57 pid 10924 icao SPZO itr 123 t/o =   502,572"
[1] "2022-11-17 23:55:09 pid 10924 icao SPZO itr 124 t/o =   502,572"
[1] "2022-11-17 23:55:21 pid 10924 icao SPZO itr 125 t/o =   502,572"
[1] "2022-11-17 23:55:34 pid 10924 icao SPZO itr 126 t/o =   502,572"
[1] "2022-11-17 23:55:46 pid 10924 icao SPZO itr 127 t/o =   502,572"
[1] "2022-11-17 23:55:58 pid 10924 icao SPZO itr 128 t/o =   502,572"
[1] "2022-11-17 23:56:10 pid 10924 icao SPZO itr 129 t/o =   502,572"
[1] "2022-11-17 23:56:22 pid 10924 icao SPZO Writing 2,010,288 rows to the database"
[1] "2022-11-17 23:59:51 pid 10924 icao SPZO Wrote   2,010,288 rows to the database"
Error in unserialize(node$con) : error reading from connection
Calls: <Anonymous> ... doTryCatch -> recvData -> recvData.SOCKnode -> unserialize
Execution halted
Error in unserialize(node$con) : error reading from connection
Calls: <Anonymous> ... doTryCatch -> recvData -> recvData.SOCKnode -> unserialize
Execution halted
Error in unserialize(node$con) : error reading from connection
Calls: <Anonymous> ... doTryCatch -> recvData -> recvData.SOCKnode -> unserialize
Error in unserialize(node$con) : error reading from connection
Calls: <Anonymous> ... doTryCatch -> recvData -> recvData.SOCKnode -> unserialize
Execution halted
Error in unserialize(node$con) : error reading from connection
Calls: <Anonymous> ... doTryCatch -> recvData -> recvData.SOCKnode -> unserialize
Error in unserialize(node$con) : error reading from connection
Calls: <Anonymous> ... doTryCatch -> recvData -> recvData.SOCKnode -> unserialize
Error in unserialize(node$con) : error reading from connection
Calls: <Anonymous> ... doTryCatch -> recvData -> recvData.SOCKnode -> unserialize
In addition: Error in unserialize(node$con) : error reading from connection
Calls: <Anonymous> ... doTryCatch -> recvData -> recvData.SOCKnode -> unserialize
Error in unserialize(node$con) : error reading from connection
Calls: <Anonymous> ... doTryCatch -> recvData -> recvData.SOCKnode -> unserialize
Warning message:
Execution halted
Error in unserialize(node$con) : error reading from connection
Calls: <Anonymous> ... doTryCatch -> recvData -> recvData.SOCKnode -> unserialize
In addition: Warning message:
Error in unserialize(node$con) : error reading from connection
Calls: <Anonymous> ... doTryCatch -> recvData -> recvData.SOCKnode -> unserialize
Error in unserialize(node$con) : error reading from connection
Calls: <Anonymous> ... doTryCatch -> recvData -> recvData.SOCKnode -> unserialize
Error in unserialize(node$con) : error reading from connection
Calls: <Anonymous> ... doTryCatch -> recvData -> recvData.SOCKnode -> unserialize
Execution halted
Error in unserialize(node$con) : error reading from connection
Calls: <Anonymous> ... doTryCatch -> recvData -> recvData.SOCKnode -> unserialize
Execution halted
Execution halted
Error in unserialize(node$con) : error reading from connection
Calls: <Anonymous> ... doTryCatch -> recvData -> recvData.SOCKnode -> unserialize
Error in unserialize(node$con) : error reading from connection
Calls: <Anonymous> ... doTryCatch -> recvData -> recvData.SOCKnode -> unserialize
Error in unserialize(node$con) : error reading from connection
Calls: <Anonymous> ... doTryCatch -> recvData -> recvData.SOCKnode -> unserialize
Error in unserialize(node$con) : error reading from connection
Calls: <Anonymous> ... doTryCatch -> recvData -> recvData.SOCKnode -> unserialize
Execution halted
Execution halted
Error in unserialize(node$con) : error reading from connection
Calls: <Anonymous> ... doTryCatch -> recvData -> recvData.SOCKnode -> unserialize
Execution halted
Execution halted
In file(file, open = "wb") :Execution halted

  cannot open file 'C:/Users/teede/AppData/Local/Temp/RtmpkvZs3b/rsdbi442c2b376b72': No such file or directory
Execution halted
Execution halted
Execution halted
Execution halted
Execution halted
Execution halted
In file(file, open = "wb") :
  cannot open file 'C:/Users/teede/AppData/Local/Temp/RtmpuKbcOY/rsdbi2480446a1c29': No such file or directory
Execution halted
Execution halted
