starting worker pid=30232 on localhost:11565 at 14:58:27.658
starting worker pid=28576 on localhost:11565 at 14:58:27.804
starting worker pid= 7296 on localhost:11565 at 14:58:27.949
starting worker pid=20720 on localhost:11565 at 14:58:28.095
starting worker pid=33400 on localhost:11565 at 14:58:28.233
starting worker pid=31304 on localhost:11565 at 14:58:28.377
starting worker pid=20340 on localhost:11565 at 14:58:28.517
starting worker pid=31740 on localhost:11565 at 14:58:28.657
starting worker pid=30280 on localhost:11565 at 14:58:28.797
starting worker pid=23588 on localhost:11565 at 14:58:28.936
starting worker pid=13828 on localhost:11565 at 14:58:29.073
starting worker pid=21512 on localhost:11565 at 14:58:29.216
starting worker pid=15420 on localhost:11565 at 14:58:29.357
starting worker pid=30756 on localhost:11565 at 14:58:29.495
starting worker pid=12624 on localhost:11565 at 14:58:29.634
starting worker pid=30604 on localhost:11565 at 14:58:29.775
starting worker pid=25652 on localhost:11565 at 14:58:29.917
starting worker pid=15764 on localhost:11565 at 14:58:30.056
starting worker pid= 3648 on localhost:11565 at 14:58:30.198
starting worker pid=15284 on localhost:11565 at 14:58:30.339
starting worker pid=24752 on localhost:11565 at 14:58:30.479
starting worker pid=32000 on localhost:11565 at 14:58:30.617
[1] "2022-06-22 14:58:31 pid 31304 Parsing airport MMMY..."
[1] "2022-06-22 14:58:31 pid 21512 Parsing airport EKBI..."
[1] "2022-06-22 14:58:31 pid  7296 Parsing airport VVNB..."
[1] "2022-06-22 14:58:31 pid 30232 Parsing airport KATL..."
[1] "2022-06-22 14:58:31 pid 28576 Parsing airport KEWR..."
[1] "2022-06-22 14:58:31 pid 33400 Parsing airport MMGL..."
[1] "2022-06-22 14:58:31 pid 20720 Parsing airport ZUGY..."
[1] "2022-06-22 14:58:31 pid 31740 Parsing airport LGTS..."
[1] "2022-06-22 14:58:31 pid 20340 Parsing airport KCMH..."
[1] "2022-06-22 14:58:31 pid 23588 Parsing airport UTTT..."
[1] "2022-06-22 14:58:31 pid 30280 Parsing airport LIRP..."
[1] "2022-06-22 14:58:31 pid 30604 Parsing airport VVVH..."
[1] "2022-06-22 14:58:31 pid 13828 Parsing airport FIMP..."
[1] "2022-06-22 14:58:31 pid 15420 Parsing airport URRP..."
[1] "2022-06-22 14:58:31 pid 24752 Parsing airport LTDA..."
[1] "2022-06-22 14:58:31 pid 15764 Parsing airport KVPS..."
[1] "2022-06-22 14:58:31 pid 15284 Parsing airport YWLM..."
[1] "2022-06-22 14:58:31 pid 30756 Parsing airport NFFN..."
[1] "2022-06-22 14:58:31 pid  3648 Parsing airport SGAS..."
[1] "2022-06-22 14:58:31 pid 32000 Parsing airport ESPA..."
[1] "2022-06-22 14:58:31 pid 25652 Parsing airport MMHO..."
[1] "2022-06-22 14:58:31 pid 12624 Parsing airport SCFA..."
[1] "2022-06-22 15:05:19 pid 30756 Parsing airport EGAC..."
[1] "2022-06-22 15:05:20 pid  3648 Parsing airport EDFH..."
[1] "2022-06-22 15:05:20 pid 15420 Parsing airport WAMM..."
[1] "2022-06-22 15:05:20 pid 21512 Parsing airport KSFB..."
[1] "2022-06-22 15:05:21 pid 30604 Parsing airport UCFM..."
[1] "2022-06-22 15:05:21 pid 12624 Parsing airport EDDW..."
[1] "2022-06-22 15:05:21 pid 20340 Parsing airport LFSB..."
[1] "2022-06-22 15:05:21 pid 31740 Parsing airport KMKE..."
[1] "2022-06-22 15:05:21 pid 15284 Parsing airport HKMO..."
[1] "2022-06-22 15:05:21 pid 28576 Parsing airport ZLXY..."
[1] "2022-06-22 15:05:22 pid 30280 Parsing airport KONT..."
[1] "2022-06-22 15:05:22 pid 13828 Parsing airport VTSG..."
[1] "2022-06-22 15:05:22 pid 31304 Parsing airport VGHS..."
[1] "2022-06-22 15:05:22 pid 30232 Parsing airport ZBAA..."
[1] "2022-06-22 15:05:22 pid 33400 Parsing airport LFMN..."
[1] "2022-06-22 15:05:24 pid 25652 Parsing airport VASU..."
[1] "2022-06-22 15:05:24 pid 20720 Parsing airport OMAA..."
[1] "2022-06-22 15:05:24 pid 15764 Parsing airport WIJJ..."
[1] "2022-06-22 15:05:29 pid  7296 Parsing airport EGSS..."
[1] "2022-06-22 15:05:29 pid 24752 Parsing airport MNMG..."
[1] "2022-06-22 15:05:29 pid 23588 Parsing airport UMMS..."
[1] "2022-06-22 15:05:29 pid 32000 Parsing airport KCHA..."
[1] "2022-06-22 15:11:14 pid 28576 Parsing airport YSSY..."
[1] "2022-06-22 15:11:14 pid 20340 Parsing airport OIII..."
[1] "2022-06-22 15:11:14 pid 30756 Parsing airport KTYS..."
[1] "2022-06-22 15:11:16 pid  3648 Parsing airport LFKB..."
[1] "2022-06-22 15:11:16 pid 12624 Parsing airport TFFR..."
[1] "2022-06-22 15:11:16 pid 13828 Parsing airport SBFL..."
[1] "2022-06-22 15:11:16 pid 15420 Parsing airport RKTU..."
[1] "2022-06-22 15:11:16 pid 33400 Parsing airport LROP..."
[1] "2022-06-22 15:11:16 pid 30232 Parsing airport KLAX..."
[1] "2022-06-22 15:11:16 pid 21512 Parsing airport LIEO..."
[1] "2022-06-22 15:11:16 pid 30604 Parsing airport SUMU..."
[1] "2022-06-22 15:11:19 pid 25652 Parsing airport LPPD..."
[1] "2022-06-22 15:11:19 pid 30280 Parsing airport SKCG..."
[1] "2022-06-22 15:11:36 pid 15764 Parsing airport VOMD..."
[1] "2022-06-22 15:11:43 pid 20720 Parsing airport NZAA..."
[1] "2022-06-22 15:11:44 pid 31304 Parsing airport VOCI..."
[1] "2022-06-22 15:11:45 pid 24752 Parsing airport RJSA..."
[1] "2022-06-22 15:11:46 pid 23588 Parsing airport UACC..."
[1] "2022-06-22 15:11:46 pid 32000 Parsing airport MHLM..."
[1] "2022-06-22 15:11:46 pid 15284 Parsing airport KCID..."
[1] "2022-06-22 15:11:48 pid 31740 Parsing airport VNKT..."
[1] "2022-06-22 15:11:51 pid  7296 Parsing airport ENGM..."
[1] "2022-06-22 15:27:39 pid 20340 Parsing airport OLBA..."
[1] "2022-06-22 15:27:40 pid 13828 Parsing airport PGUM..."
[1] "2022-06-22 15:27:52 pid 15420 Parsing airport WMSA..."
[1] "2022-06-22 15:32:22 pid 30756 Parsing airport WBGR..."
[1] "2022-06-22 15:32:22 pid 30232 Parsing airport OMDB..."
[1] "2022-06-22 15:32:24 pid 21512 Parsing airport RCBS..."
[1] "2022-06-22 15:32:24 pid 33400 Parsing airport KHOU..."
[1] "2022-06-22 15:32:27 pid  3648 Parsing airport VAUD..."
[1] "2022-06-22 15:32:27 pid 25652 Parsing airport SBPS..."
[1] "2022-06-22 15:32:34 pid 15284 Parsing airport LECO..."
[1] "2022-06-22 15:32:34 pid  7296 Parsing airport ZSAM..."
[1] "2022-06-22 15:34:20 pid 31740 Parsing airport OPKC..."
[1] "2022-06-22 15:34:21 pid 30604 Parsing airport EGMC..."
[1] "2022-06-22 15:34:25 pid 28576 Parsing airport EGKK..."
[1] "2022-06-22 15:35:14 pid 12624 Parsing airport KPIE..."
[1] "2022-06-22 15:35:15 pid 15764 Parsing airport LOWS..."
[1] "2022-06-22 15:35:15 pid 31304 Parsing airport LIRN..."
[1] "2022-06-22 15:35:16 pid 23588 Parsing airport KRIC..."
[1] "2022-06-22 15:35:16 pid 24752 Parsing airport ZUYI..."
[1] "2022-06-22 15:35:16 pid 20720 Parsing airport PHNL..."
[1] "2022-06-22 15:35:18 pid 30280 Parsing airport SKCL..."
[1] "2022-06-22 15:35:21 pid 32000 Parsing airport TTCP..."
[1] "2022-06-22 15:36:02 pid 13828 Parsing airport LTFE..."
[1] "2022-06-22 15:36:03 pid 20340 Parsing airport EPKK..."
[1] "2022-06-22 15:37:13 pid  3648 Parsing airport RJSK..."
[1] "2022-06-22 15:37:14 pid 30756 Parsing airport ZBYC..."
[1] "2022-06-22 15:37:19 pid 25652 Parsing airport WBKW..."
[1] "2022-06-22 15:37:22 pid 21512 Parsing airport EPMO..."
[1] "2022-06-22 15:37:26 pid 15420 Parsing airport DGAA..."
[1] "2022-06-22 15:37:36 pid 30232 Parsing airport KORD..."
[1] "2022-06-22 15:38:17 pid  7296 Parsing airport ZHCC..."
[1] "2022-06-22 15:40:15 pid 33400 Parsing airport ZLLL..."
[1] "2022-06-22 15:40:28 pid 15284 Parsing airport EDSB..."
[1] "2022-06-22 15:42:03 pid 30280 Parsing airport PANC..."
[1] "2022-06-22 15:42:14 pid 32000 Parsing airport ZWKM..."
[1] "2022-06-22 15:42:25 pid 31740 Parsing airport RCSS..."
[1] "2022-06-22 15:42:47 pid 28576 Parsing airport ZSSS..."
[1] "2022-06-22 15:42:48 pid 30604 Parsing airport ZSYW..."
[1] "2022-06-22 15:42:49 pid 20720 Parsing airport KMDW..."
[1] "2022-06-22 15:43:02 pid 15764 Parsing airport ZHXF..."
[1] "2022-06-22 15:43:03 pid 31304 Parsing airport SBCF..."
[1] "2022-06-22 15:43:04 pid 23588 Parsing airport UBBB..."
[1] "2022-06-22 15:43:04 pid 12624 Parsing airport WATT..."
[1] "2022-06-22 15:43:32 pid 30756 Parsing airport EGPD..."
[1] "2022-06-22 15:43:33 pid 25652 Parsing airport ENBO..."
[1] "2022-06-22 15:43:46 pid 24752 Parsing airport WAWW..."
[1] "2022-06-22 15:43:54 pid 20340 Parsing airport OJAI..."
[1] "2022-06-22 15:43:55 pid 21512 Parsing airport RCQC..."
[1] "2022-06-22 15:44:07 pid 13828 Parsing airport EPKT..."
[1] "2022-06-22 15:44:08 pid 15420 Parsing airport YMHB..."
[1] "2022-06-22 15:44:22 pid 30232 Parsing airport EGLL..."
[1] "2022-06-22 15:45:04 pid  7296 Parsing airport KBWI..."
[1] "2022-06-22 15:45:59 pid  3648 Parsing airport LFST..."
[1] "2022-06-22 15:46:37 pid 33400 Parsing airport VVDN..."
[1] "2022-06-22 15:47:36 pid 15284 Parsing airport RPVA..."
[1] "2022-06-22 15:48:04 pid 28576 Parsing airport KPHX..."
[1] "2022-06-22 15:49:58 pid 30756 Parsing airport MMCL..."
[1] "2022-06-22 15:49:58 pid 13828 Parsing airport KTUS..."
[1] "2022-06-22 15:49:59 pid 25652 Parsing airport KXNA..."
[1] "2022-06-22 15:50:11 pid 30232 Parsing airport RJTT..."
[1] "2022-06-22 15:50:13 pid 20720 Parsing airport ZYHB..."
[1] "2022-06-22 15:50:49 pid 31740 Parsing airport KBDL..."
[1] "2022-06-22 15:51:07 pid 31304 Parsing airport ZBSJ..."
[1] "2022-06-22 15:51:09 pid 23588 Parsing airport CYWG..."
[1] "2022-06-22 15:51:10 pid 30280 Parsing airport USSS..."
[1] "2022-06-22 15:52:07 pid 20340 Parsing airport ZSQZ..."
[1] "2022-06-22 15:52:07 pid 21512 Parsing airport LDSP..."
[1] "2022-06-22 15:52:58 pid 15764 Parsing airport LRTR..."
[1] "2022-06-22 15:56:20 pid 12624 Parsing airport LGSA..."
[1] "2022-06-22 15:56:21 pid 24752 Parsing airport LFRB..."
[1] "2022-06-22 15:56:34 pid 32000 Parsing airport EFOU..."
[1] "2022-06-22 15:57:20 pid 30604 Parsing airport ESMS..."
[1] "2022-06-22 15:57:35 pid 15420 Parsing airport VIAR..."
[1] "2022-06-22 15:58:08 pid  7296 Parsing airport EDDL..."
[1] "2022-06-22 16:00:19 pid  3648 Parsing airport TNCM..."
[1] "2022-06-22 16:00:24 pid 28576 Parsing airport KIAH..."
[1] "2022-06-22 16:00:25 pid 21512 Parsing airport ZGZJ..."
[1] "2022-06-22 16:00:25 pid 13828 Parsing airport LTCG..."
[1] "2022-06-22 16:00:26 pid 25652 Parsing airport EGHI..."
[1] "2022-06-22 16:00:28 pid 31740 Parsing airport VVCR..."
[1] "2022-06-22 16:00:28 pid 30756 Parsing airport EDDP..."
[1] "2022-06-22 16:00:32 pid 15284 Parsing airport MTPP..."
[1] "2022-06-22 16:00:33 pid 33400 Parsing airport SBGL..."
[1] "2022-06-22 16:00:47 pid 23588 Parsing airport EYVI..."
[1] "2022-06-22 16:00:47 pid 20340 Parsing airport SBPA..."
[1] "2022-06-22 16:00:47 pid 15764 Parsing airport CYXE..."
[1] "2022-06-22 16:00:47 pid 20720 Parsing airport CYUL..."
[1] "2022-06-22 16:00:49 pid 31304 Parsing airport GMMN..."
[1] "2022-06-22 16:00:49 pid 30232 Parsing airport ZSPD..."
[1] "2022-06-22 16:02:40 pid 12624 Parsing airport SAME..."
[1] "2022-06-22 16:02:41 pid 24752 Parsing airport KEUG..."
[1] "2022-06-22 16:03:01 pid 30604 Parsing airport LBBG..."
[1] "2022-06-22 16:03:25 pid 30280 Parsing airport VIJP..."
[1] "2022-06-22 16:03:32 pid 32000 Parsing airport NZDN..."
[1] "2022-06-22 16:06:35 pid  7296 Parsing airport CYVR..."
[1] "2022-06-22 16:07:15 pid 31740 Parsing airport WIHH..."
[1] "2022-06-22 16:07:16 pid 25652 Parsing airport MKJP..."
[1] "2022-06-22 16:07:16 pid 21512 Parsing airport RJFT..."
[1] "2022-06-22 16:07:16 pid 28576 Parsing airport LIRF..."
[1] "2022-06-22 16:07:16 pid 30756 Parsing airport ROIG..."
[1] "2022-06-22 16:07:57 pid 15764 Parsing airport KPGD..."
[1] "2022-06-22 16:07:58 pid 23588 Parsing airport KRNO..."
[1] "2022-06-22 16:07:59 pid 30232 Parsing airport LFPG..."
[1] "2022-06-22 16:07:59 pid 31304 Parsing airport ZLIC..."
[1] "2022-06-22 16:08:00 pid 15420 Parsing airport ZSWH..."
[1] "2022-06-22 16:08:02 pid 20720 Parsing airport ROAH..."
[1] "2022-06-22 16:08:03 pid  3648 Parsing airport LTFH..."
[1] "2022-06-22 16:08:04 pid 33400 Parsing airport LTAC..."
[1] "2022-06-22 16:08:04 pid 15284 Parsing airport VEIM..."
[1] "2022-06-22 16:08:11 pid 13828 Parsing airport VOCL..."
[1] "2022-06-22 16:08:12 pid 20340 Parsing airport WIMM..."
[1] "2022-06-22 16:10:12 pid 30604 Parsing airport RKJJ..."
[1] "2022-06-22 16:10:27 pid 24752 Parsing airport UNOO..."
[1] "2022-06-22 16:10:38 pid 30280 Parsing airport MMSD..."
[1] "2022-06-22 16:11:14 pid 12624 Parsing airport BKPR..."
[1] "2022-06-22 16:11:28 pid 32000 Parsing airport GMME..."
[1] "2022-06-22 16:14:07 pid 30756 Parsing airport NZQN..."
[1] "2022-06-22 16:14:07 pid 28576 Parsing airport SBGR..."
[1] "2022-06-22 16:14:07 pid 25652 Parsing airport FAPE..."
[1] "2022-06-22 16:14:07 pid 33400 Parsing airport LIME..."
[1] "2022-06-22 16:14:07 pid 21512 Parsing airport KBHM..."
[1] "2022-06-22 16:14:08 pid 15284 Parsing airport TIST..."
[1] "2022-06-22 16:14:08 pid 31740 Parsing airport LIML..."
[1] "2022-06-22 16:15:03 pid  3648 Parsing airport YMLT..."
[1] "2022-06-22 16:15:05 pid 15764 Parsing airport MMCS..."
[1] "2022-06-22 16:15:08 pid 20720 Parsing airport ZYTL..."
[1] "2022-06-22 16:15:09 pid 30232 Parsing airport ZGGG..."
[1] "2022-06-22 16:15:09 pid 23588 Parsing airport ENVA..."
[1] "2022-06-22 16:15:10 pid 13828 Parsing airport KGRR..."
[1] "2022-06-22 16:15:10 pid 20340 Parsing airport EBCI..."
[1] "2022-06-22 16:15:10 pid 31304 Parsing airport GCTS..."
[1] "2022-06-22 16:15:10 pid 15420 Parsing airport WAJJ..."
[1] "2022-06-22 16:15:10 pid  7296 Parsing airport EBBR..."
[1] "2022-06-22 16:16:34 pid 30604 Parsing airport TFFF..."
[1] "2022-06-22 16:16:50 pid 24752 Parsing airport PHTO..."
[1] "2022-06-22 16:16:52 pid 30280 Parsing airport SEQM..."
[1] "2022-06-22 16:20:59 pid 28576 Parsing airport ZUCK..."
[1] "2022-06-22 16:21:01 pid 31740 Parsing airport YBCG..."
[1] "2022-06-22 16:21:01 pid 33400 Parsing airport KMSY..."
[1] "2022-06-22 16:21:01 pid 15284 Parsing airport OEHL..."
[1] "2022-06-22 16:21:01 pid 30756 Parsing airport LTAJ..."
[1] "2022-06-22 16:21:09 pid 15764 Parsing airport ZWYN..."
[1] "2022-06-22 16:21:17 pid 12624 Parsing airport OAKB..."
[1] "2022-06-22 16:21:32 pid 30604 Parsing airport RPVE..."
[1] "2022-06-22 16:21:35 pid 32000 Parsing airport WARA..."
[1] "2022-06-22 16:21:40 pid 24752 Parsing airport UHSS..."
[1] "2022-06-22 16:21:50 pid 30280 Parsing airport OPIS..."
[1] "2022-06-22 16:22:13 pid 25652 Parsing airport VTUU..."
[1] "2022-06-22 16:22:14 pid 21512 Parsing airport KALB..."
[1] "2022-06-22 16:23:14 pid 20340 Parsing airport OEDF..."
[1] "2022-06-22 16:23:14 pid 23588 Parsing airport KOKC..."
[1] "2022-06-22 16:23:17 pid 15420 Parsing airport LRCL..."
[1] "2022-06-22 16:23:18 pid 31304 Parsing airport SBKP..."
[1] "2022-06-22 16:23:18 pid 13828 Parsing airport ZSCG..."
[1] "2022-06-22 16:23:18 pid  3648 Parsing airport HRYR..."
[1] "2022-06-22 16:23:19 pid 30232 Parsing airport VHHH..."
[1] "2022-06-22 16:23:19 pid  7296 Parsing airport KSLC..."
[1] "2022-06-22 16:23:19 pid 20720 Parsing airport KPDX..."
[1] "2022-06-22 16:27:54 pid 30756 Parsing airport ZGBH..."
[1] "2022-06-22 16:27:55 pid 30604 Parsing airport VOML..."
[1] "2022-06-22 16:27:55 pid 28576 Parsing airport KMIA..."
[1] "2022-06-22 16:27:55 pid 15284 Parsing airport KCAE..."
[1] "2022-06-22 16:27:56 pid 25652 Parsing airport KIWA..."
[1] "2022-06-22 16:27:56 pid 31740 Parsing airport DNMM..."
[1] "2022-06-22 16:27:56 pid 33400 Parsing airport KRDU..."
[1] "2022-06-22 16:28:09 pid 24752 Parsing airport MRLB..."
[1] "2022-06-22 16:28:09 pid 15764 Parsing airport WAQQ..."
[1] "2022-06-22 16:28:09 pid 12624 Parsing airport LGKO..."
[1] "2022-06-22 16:28:12 pid 30280 Parsing airport CYOW..."
[1] "2022-06-22 16:28:21 pid 32000 Parsing airport LEMI..."
[1] "2022-06-22 16:29:16 pid 21512 Parsing airport VISR..."
[1] "2022-06-22 16:29:50 pid 31304 Parsing airport OMSJ..."
[1] "2022-06-22 16:29:50 pid 20340 Parsing airport ZGKL..."
[1] "2022-06-22 16:29:51 pid 15420 Parsing airport SLLP..."
[1] "2022-06-22 16:30:08 pid  3648 Parsing airport RJCH..."
[1] "2022-06-22 16:30:10 pid 23588 Parsing airport ELLX..."
[1] "2022-06-22 16:30:11 pid  7296 Parsing airport ZHHH..."
[1] "2022-06-22 16:30:11 pid 20720 Parsing airport UUWW..."
[1] "2022-06-22 16:30:13 pid 13828 Parsing airport WIBB..."
[1] "2022-06-22 16:30:13 pid 30232 Parsing airport KDFW..."
[1] "2022-06-22 16:35:19 pid 30756 Parsing airport ESKN..."
[1] "2022-06-22 16:35:20 pid 30604 Parsing airport AYPY..."
[1] "2022-06-22 16:35:20 pid 30280 Parsing airport KABQ..."
[1] "2022-06-22 16:35:20 pid 28576 Parsing airport RJAA..."
[1] "2022-06-22 16:35:21 pid 15284 Parsing airport SCCI..."
[1] "2022-06-22 16:35:52 pid 33400 Parsing airport ZYCC..."
[1] "2022-06-22 16:35:54 pid 31740 Parsing airport VDPP..."
[1] "2022-06-22 16:35:54 pid 12624 Parsing airport KPWM..."
[1] "2022-06-22 16:35:55 pid 25652 Parsing airport ZBAD..."
[1] "2022-06-22 16:35:55 pid 15764 Parsing airport ZGZH..."
[1] "2022-06-22 16:36:01 pid 21512 Parsing airport KTUL..."
[1] "2022-06-22 16:36:58 pid 24752 Parsing airport URWW..."
[1] "2022-06-22 16:37:09 pid 32000 Parsing airport KILM..."
[1] "2022-06-22 16:37:32 pid  3648 Parsing airport VVPC..."
[1] "2022-06-22 16:37:33 pid 31304 Parsing airport KSNA..."
[1] "2022-06-22 16:37:40 pid 20340 Parsing airport CYEG..."
[1] "2022-06-22 16:37:40 pid 13828 Parsing airport SBBE..."
[1] "2022-06-22 16:37:40 pid 15420 Parsing airport ZGDY..."
[1] "2022-06-22 16:37:40 pid 20720 Parsing airport LEMG..."
[1] "2022-06-22 16:37:40 pid  7296 Parsing airport LGAV..."
[1] "2022-06-22 16:37:41 pid 23588 Parsing airport URKK..."
[1] "2022-06-22 16:37:41 pid 30232 Parsing airport EHAM..."
[1] "2022-06-22 16:43:18 pid 28576 Parsing airport KBOS..."
[1] "2022-06-22 16:43:20 pid 21512 Parsing airport ZSNT..."
[1] "2022-06-22 16:43:20 pid 30756 Parsing airport ZBDS..."
[1] "2022-06-22 16:45:48 pid 33400 Parsing airport YPPH..."
[1] "2022-06-22 16:45:51 pid  3648 Parsing airport VIDN..."
[1] "2022-06-22 16:45:52 pid 31740 Parsing airport NZWN..."
[1] "2022-06-22 16:45:55 pid 13828 Parsing airport LIPX..."
[1] "2022-06-22 16:45:55 pid 12624 Parsing airport LGSR..."
[1] "2022-06-22 16:45:55 pid 15420 Parsing airport MMMD..."
[1] "2022-06-22 16:45:56 pid 20340 Parsing airport LEIB..."
[1] "2022-06-22 16:45:57 pid 30604 Parsing airport LFMT..."
[1] "2022-06-22 16:45:57 pid 24752 Parsing airport KSGF..."
[1] "2022-06-22 16:45:57 pid 31304 Parsing airport VCBI..."
[1] "2022-06-22 16:45:57 pid 25652 Parsing airport KMHT..."
[1] "2022-06-22 16:45:57 pid 23588 Parsing airport CYHZ..."
[1] "2022-06-22 16:45:58 pid 30232 Parsing airport VIDP..."
[1] "2022-06-22 16:45:58 pid  7296 Parsing airport ESSA..."
[1] "2022-06-22 16:45:58 pid 30280 Parsing airport GCFV..."
[1] "2022-06-22 16:45:58 pid 15764 Parsing airport EINN..."
[1] "2022-06-22 16:45:58 pid 20720 Parsing airport ZYTX..."
[1] "2022-06-22 16:45:59 pid 15284 Parsing airport YBSU..."
[1] "2022-06-22 16:46:00 pid 32000 Parsing airport RJFR..."
[1] "2022-06-22 16:49:47 pid 30756 Parsing airport ZLYL..."
[1] "2022-06-22 16:49:48 pid 21512 Parsing airport LICA..."
[1] "2022-06-22 16:49:48 pid 28576 Parsing airport VTBD..."
[1] "2022-06-22 16:53:25 pid 12624 Parsing airport KLIT..."
[1] "2022-06-22 16:53:26 pid 31740 Parsing airport ESGG..."
[1] "2022-06-22 16:54:42 pid 20340 Parsing airport HKJK..."
[1] "2022-06-22 16:54:45 pid 13828 Parsing airport WAOO..."
[1] "2022-06-22 16:54:49 pid  3648 Parsing airport ZSZS..."
[1] "2022-06-22 16:54:49 pid 30232 Parsing airport EDDF..."
[1] "2022-06-22 16:54:50 pid 31304 Parsing airport FACT..."
[1] "2022-06-22 16:54:50 pid 15420 Parsing airport LDDU..."
[1] "2022-06-22 16:54:50 pid 23588 Parsing airport RPLC..."
[1] "2022-06-22 16:54:52 pid 25652 Parsing airport VIJU..."
[1] "2022-06-22 16:54:52 pid 30604 Parsing airport VTUK..."
[1] "2022-06-22 16:54:52 pid 24752 Parsing airport MMML..."
[1] "2022-06-22 16:54:55 pid 32000 Parsing airport NZNS..."
[1] "2022-06-22 16:55:25 pid  7296 Parsing airport UUDD..."
[1] "2022-06-22 16:55:53 pid 15764 Parsing airport GMFF..."
[1] "2022-06-22 16:55:54 pid 15284 Parsing airport FSIA..."
[1] "2022-06-22 16:55:54 pid 33400 Parsing airport SABE..."
[1] "2022-06-22 16:55:55 pid 30280 Parsing airport EGNT..."
[1] "2022-06-22 16:55:55 pid 20720 Parsing airport ZJSY..."
[1] "2022-06-22 16:57:38 pid 30756 Parsing airport TBPB..."
[1] "2022-06-22 16:57:45 pid 28576 Parsing airport VVTS..."
[1] "2022-06-22 17:05:55 pid 15764 Parsing airport SCDA..."
[1] "2022-06-22 17:05:56 pid 21512 Parsing airport UDYZ..."
[1] "2022-06-22 17:08:11 pid 20340 Parsing airport ZSWX..."
[1] "2022-06-22 17:08:14 pid  7296 Parsing airport KSAN..."
[1] "2022-06-22 17:08:15 pid 24752 Parsing airport ZBDT..."
[1] "2022-06-22 17:08:16 pid  3648 Parsing airport KHSV..."
[1] "2022-06-22 17:08:16 pid 15420 Parsing airport ZSXZ..."
[1] "2022-06-22 17:08:16 pid 12624 Parsing airport LTAU..."
[1] "2022-06-22 17:08:19 pid 30232 Parsing airport RKSI..."
[1] "2022-06-22 17:08:19 pid 30604 Parsing airport ZPDL..."
[1] "2022-06-22 17:08:19 pid 13828 Parsing airport WIEE..."
[1] "2022-06-22 17:08:19 pid 25652 Parsing airport EDJA..."
[1] "2022-06-22 17:08:19 pid 15284 Parsing airport MUVR..."
[1] "2022-06-22 17:08:19 pid 20720 Parsing airport WARR..."
[1] "2022-06-22 17:08:19 pid 31304 Parsing airport LICC..."
[1] "2022-06-22 17:08:19 pid 31740 Parsing airport GMMX..."
[1] "2022-06-22 17:08:20 pid 23588 Parsing airport LGRP..."
[1] "2022-06-22 17:08:20 pid 30280 Parsing airport EGLC..."
[1] "2022-06-22 17:08:24 pid 32000 Parsing airport WITT..."
[1] "2022-06-22 17:08:25 pid 30756 Parsing airport UIII..."
[1] "2022-06-22 17:08:29 pid 28576 Parsing airport YMML..."
[1] "2022-06-22 17:08:29 pid 33400 Parsing airport KOAK..."
[1] "2022-06-22 17:12:39 pid 21512 Parsing airport RJBE..."
[1] "2022-06-22 17:12:40 pid 30756 Parsing airport FMEE..."
[1] "2022-06-22 17:12:40 pid 15764 Parsing airport KBZN..."
[1] "2022-06-22 17:17:06 pid  3648 Parsing airport UUBW..."
[1] "2022-06-22 17:17:09 pid 31740 Parsing airport WALL..."
[1] "2022-06-22 17:17:09 pid 30604 Parsing airport KFAT..."
[1] "2022-06-22 17:17:12 pid 31304 Parsing airport LFML..."
[1] "2022-06-22 17:17:13 pid 28576 Parsing airport ZSHC..."
[1] "2022-06-22 17:17:13 pid  7296 Parsing airport SPJC..."
[1] "2022-06-22 17:17:13 pid 30232 Parsing airport WSSS..."
[1] "2022-06-22 17:17:15 pid 20340 Parsing airport LFBD..."
[1] "2022-06-22 17:17:15 pid 15420 Parsing airport SKBQ..."
[1] "2022-06-22 17:17:15 pid 23588 Parsing airport MDSD..."
[1] "2022-06-22 17:17:15 pid 30280 Parsing airport EPGD..."
[1] "2022-06-22 17:17:15 pid 24752 Parsing airport LEXJ..."
[1] "2022-06-22 17:17:15 pid 25652 Parsing airport HUEN..."
[1] "2022-06-22 17:17:16 pid 20720 Parsing airport LSGG..."
[1] "2022-06-22 17:17:16 pid 15284 Parsing airport DTMB..."
[1] "2022-06-22 17:17:16 pid 13828 Parsing airport KLGB..."
[1] "2022-06-22 17:17:16 pid 12624 Parsing airport HEBA..."
[1] "2022-06-22 17:17:16 pid 33400 Parsing airport HAAB..."
[1] "2022-06-22 17:17:19 pid 32000 Parsing airport ENCN..."
[1] "2022-06-22 17:19:09 pid 21512 Parsing airport WMKL..."
[1] "2022-06-22 17:22:46 pid 30756 Parsing airport WILL..."
[1] "2022-06-22 17:22:47 pid 15764 Parsing airport RJOB..."
[1] "2022-06-22 17:26:21 pid 33400 Parsing airport ZBYN..."
[1] "2022-06-22 17:26:27 pid 31304 Parsing airport KSAT..."
[1] "2022-06-22 17:26:28 pid 28576 Parsing airport KMSP..."
[1] "2022-06-22 17:26:29 pid 30604 Parsing airport USTR..."
[1] "2022-06-22 17:26:30 pid 20340 Parsing airport RCKH..."
[1] "2022-06-22 17:26:30 pid 31740 Parsing airport VEGT..."
[1] "2022-06-22 17:26:30 pid 25652 Parsing airport LJLJ..."
[1] "2022-06-22 17:26:31 pid 15420 Parsing airport EDLW..."
[1] "2022-06-22 17:26:32 pid  3648 Parsing airport KLEX..."
[1] "2022-06-22 17:26:32 pid  7296 Parsing airport SCEL..."
[1] "2022-06-22 17:26:32 pid 12624 Parsing airport ZSLY..."
[1] "2022-06-22 17:26:32 pid 30232 Parsing airport KDEN..."
[1] "2022-06-22 17:26:32 pid 15284 Parsing airport VTSF..."
[1] "2022-06-22 17:26:33 pid 23588 Parsing airport KSDF..."
[1] "2022-06-22 17:26:33 pid 30280 Parsing airport VRMM..."
[1] "2022-06-22 17:26:33 pid 24752 Parsing airport PAFA..."
[1] "2022-06-22 17:26:33 pid 20720 Parsing airport EGGW..."
[1] "2022-06-22 17:26:33 pid 13828 Parsing airport SLVR..."
[1] "2022-06-22 17:26:35 pid 32000 Parsing airport ZUWX..."
[1] "2022-06-22 17:26:35 pid 21512 Parsing airport SBCY..."
[1] "2022-06-22 17:33:38 pid 30756 Parsing airport URMM..."
[1] "2022-06-22 17:34:35 pid 15764 Parsing airport OEGS..."
[1] "2022-06-22 17:36:04 pid 13828 Parsing airport KELP..."
[1] "2022-06-22 17:36:04 pid 21512 Parsing airport RJOM..."
[1] "2022-06-22 17:38:22 pid 12624 Parsing airport YPDN..."
[1] "2022-06-22 17:38:23 pid 31740 Parsing airport SBCT..."
[1] "2022-06-22 17:38:24 pid 20340 Parsing airport DAAG..."
[1] "2022-06-22 17:38:26 pid 28576 Parsing airport OTHH..."
[1] "2022-06-22 17:38:27 pid  3648 Parsing airport UTDD..."
[1] "2022-06-22 17:38:29 pid  7296 Parsing airport OERK..."
[1] "2022-06-22 17:38:29 pid 15420 Parsing airport TNCA..."
[1] "2022-06-22 17:38:29 pid 33400 Parsing airport EDDS..."
[1] "2022-06-22 17:38:30 pid 30280 Parsing airport YBCS..."
[1] "2022-06-22 17:38:30 pid 24752 Parsing airport SBUL..."
[1] "2022-06-22 17:38:30 pid 25652 Parsing airport KICT..."
[1] "2022-06-22 17:38:30 pid 15284 Parsing airport SASA..."
[1] "2022-06-22 17:38:30 pid 20720 Parsing airport HECA..."
[1] "2022-06-22 17:38:31 pid 30604 Parsing airport SPQU..."
[1] "2022-06-22 17:38:31 pid 31304 Parsing airport KCLE..."
[1] "2022-06-22 17:38:31 pid 30232 Parsing airport LTFM..."
[1] "2022-06-22 17:38:33 pid 32000 Parsing airport ZYMD..."
[1] "2022-06-22 17:38:34 pid 23588 Parsing airport KBOI..."
[1] "2022-06-22 17:40:47 pid 30756 Parsing airport OEGN..."
[1] "2022-06-22 17:40:48 pid 21512 Parsing airport RCMQ..."
[1] "2022-06-22 17:41:00 pid 15764 Parsing airport VTBU..."
[1] "2022-06-22 17:44:07 pid 31740 Parsing airport LGIR..."
[1] "2022-06-22 17:44:59 pid 28576 Parsing airport KFLL..."
[1] "2022-06-22 17:45:01 pid  3648 Parsing airport WAPP..."
[1] "2022-06-22 17:45:03 pid 30604 Parsing airport SKBG..."
[1] "2022-06-22 17:45:03 pid 15284 Parsing airport ZHSY..."
[1] "2022-06-22 17:45:03 pid 30232 Parsing airport VTBS..."
[1] "2022-06-22 17:45:03 pid 24752 Parsing airport EYKA..."
[1] "2022-06-22 17:45:04 pid 15420 Parsing airport MMLO..."
[1] "2022-06-22 17:45:06 pid  7296 Parsing airport ZGHA..."
[1] "2022-06-22 17:45:32 pid 30756 Parsing airport VERP..."
[1] "2022-06-22 17:45:32 pid 21512 Parsing airport RJFU..."
[1] "2022-06-22 17:45:53 pid 30280 Parsing airport WIDD..."
[1] "2022-06-22 17:46:54 pid 20720 Parsing airport EPWA..."
[1] "2022-06-22 17:46:56 pid 20340 Parsing airport WAHH..."
[1] "2022-06-22 17:46:56 pid 23588 Parsing airport DNAA..."
[1] "2022-06-22 17:46:57 pid 12624 Parsing airport FNLU..."
[1] "2022-06-22 17:46:57 pid 13828 Parsing airport LIPH..."
[1] "2022-06-22 17:46:57 pid 31304 Parsing airport VMMC..."
[1] "2022-06-22 17:46:57 pid 25652 Parsing airport KDAY..."
[1] "2022-06-22 17:47:00 pid 33400 Parsing airport KSMF..."
[1] "2022-06-22 17:47:03 pid 32000 Parsing airport SKCC..."
[1] "2022-06-22 17:50:50 pid 15764 Parsing airport KISP..."
[1] "2022-06-22 17:52:27 pid 21512 Parsing airport SBEG..."
[1] "2022-06-22 17:52:27 pid 30756 Parsing airport UNKL..."
[1] "2022-06-22 17:53:53 pid 31740 Parsing airport DTTA..."
[1] "2022-06-22 17:53:53 pid  3648 Parsing airport VVCT..."
[1] "2022-06-22 17:53:53 pid 15284 Parsing airport GVAC..."
[1] "2022-06-22 17:53:53 pid 30232 Parsing airport KJFK..."
[1] "2022-06-22 17:53:54 pid 15420 Parsing airport ZGHZ..."
[1] "2022-06-22 17:53:55 pid 30604 Parsing airport EPPO..."
[1] "2022-06-22 17:53:57 pid  7296 Parsing airport ZSQD..."
[1] "2022-06-22 17:54:35 pid 20340 Parsing airport LEZL..."
[1] "2022-06-22 17:54:35 pid 31304 Parsing airport OBBI..."
[1] "2022-06-22 17:54:39 pid 13828 Parsing airport SACO..."
[1] "2022-06-22 17:54:39 pid 30280 Parsing airport ZPJH..."
[1] "2022-06-22 17:54:41 pid 28576 Parsing airport KDTW..."
[1] "2022-06-22 17:54:42 pid 23588 Parsing airport ENZV..."
[1] "2022-06-22 17:54:42 pid 25652 Parsing airport UKLL..."
[1] "2022-06-22 17:54:42 pid 12624 Parsing airport KGSO..."
[1] "2022-06-22 17:54:43 pid 24752 Parsing airport FVRG..."
[1] "2022-06-22 17:54:43 pid 20720 Parsing airport KBNA..."
[1] "2022-06-22 17:54:43 pid 33400 Parsing airport EGBB..."
[1] "2022-06-22 17:54:58 pid 32000 Parsing airport KMFR..."
[1] "2022-06-22 17:59:22 pid 15764 Parsing airport SBCG..."
[1] "2022-06-22 18:01:04 pid 30756 Parsing airport VICG..."
[1] "2022-06-22 18:01:05 pid 21512 Parsing airport LUKK..."
[1] "2022-06-22 18:03:00 pid 31304 Parsing airport WBKK..."
[1] "2022-06-22 18:03:00 pid 15284 Parsing airport ZHES..."
[1] "2022-06-22 18:03:03 pid 20340 Parsing airport PHOG..."
[1] "2022-06-22 18:03:04 pid  3648 Parsing airport VEAT..."
[1] "2022-06-22 18:03:04 pid 28576 Parsing airport EDDB..."
[1] "2022-06-22 18:03:05 pid 15420 Parsing airport LIBR..."
[1] "2022-06-22 18:03:05 pid 25652 Parsing airport OETB..."
[1] "2022-06-22 18:03:05 pid 30232 Parsing airport WMKK..."
[1] "2022-06-22 18:03:05 pid 12624 Parsing airport ENTO..."
[1] "2022-06-22 18:03:06 pid 30280 Parsing airport EGGP..."
[1] "2022-06-22 18:03:06 pid 30604 Parsing airport ZUZY..."
[1] "2022-06-22 18:03:06 pid 13828 Parsing airport LATI..."
[1] "2022-06-22 18:03:07 pid 31740 Parsing airport EGAA..."
[1] "2022-06-22 18:03:07 pid  7296 Parsing airport MMUN..."
[1] "2022-06-22 18:03:09 pid 32000 Parsing airport KACY..."
[1] "2022-06-22 18:04:04 pid 24752 Parsing airport RPMZ..."
[1] "2022-06-22 18:04:04 pid 23588 Parsing airport EDDN..."
[1] "2022-06-22 18:04:05 pid 20720 Parsing airport CYYC..."
[1] "2022-06-22 18:04:07 pid 33400 Parsing airport SAEZ..."
[1] "2022-06-22 18:08:58 pid 30756 Parsing airport ZWKL..."
[1] "2022-06-22 18:08:58 pid 21512 Parsing airport VOVZ..."
[1] "2022-06-22 18:11:22 pid 15764 Parsing airport SAZS..."
[1] "2022-06-22 18:11:23 pid 28576 Parsing airport LTFJ..."
[1] "2022-06-22 18:11:25 pid 13828 Parsing airport LDZA..."
[1] "2022-06-22 18:11:26 pid 24752 Parsing airport OPMT..."
[1] "2022-06-22 18:11:27 pid 31304 Parsing airport LFBO..."
[1] "2022-06-22 18:11:27 pid 12624 Parsing airport ZPMS..."
[1] "2022-06-22 18:11:27 pid  3648 Parsing airport LGZA..."
[1] "2022-06-22 18:11:27 pid 15284 Parsing airport VOBZ..."
[1] "2022-06-22 18:11:28 pid 30280 Parsing airport WIPP..."
[1] "2022-06-22 18:11:28 pid 30604 Parsing airport SBNF..."
[1] "2022-06-22 18:11:28 pid 20340 Parsing airport SBSV..."
[1] "2022-06-22 18:11:28 pid 25652 Parsing airport KHPN..."
[1] "2022-06-22 18:11:28 pid 30232 Parsing airport LEMD..."
[1] "2022-06-22 18:11:29 pid 33400 Parsing airport LPPR..."
[1] "2022-06-22 18:11:29 pid 15420 Parsing airport UKKK..."
[1] "2022-06-22 18:11:30 pid 31740 Parsing airport ENBR..."
[1] "2022-06-22 18:11:30 pid  7296 Parsing airport YBBN..."
[1] "2022-06-22 18:11:36 pid 32000 Parsing airport OITT..."
[1] "2022-06-22 18:11:44 pid 23588 Parsing airport KORF..."
[1] "2022-06-22 18:11:45 pid 20720 Parsing airport EDDH..."
[1] "2022-06-22 18:16:11 pid 30756 Parsing airport LWSK..."
[1] "2022-06-22 18:16:22 pid 21512 Parsing airport ZHYC..."
[1] "2022-06-22 18:17:11 pid 15284 Parsing airport YMAV..."
[1] "2022-06-22 18:18:55 pid 20340 Parsing airport EVRA..."
[1] "2022-06-22 18:19:04 pid 15420 Parsing airport KPSP..."
[1] "2022-06-22 18:19:05 pid 15764 Parsing airport LIMJ..."
[1] "2022-06-22 18:19:11 pid 30604 Parsing airport ORER..."
[1] "2022-06-22 18:19:15 pid 12624 Parsing airport ZBOW..."
[1] "2022-06-22 18:19:23 pid 33400 Parsing airport RPVM..."
[1] "2022-06-22 18:19:24 pid 24752 Parsing airport SBTE..."
[1] "2022-06-22 18:19:24 pid  7296 Parsing airport VOHS..."
[1] "2022-06-22 18:19:25 pid 20720 Parsing airport VTSP..."
[1] "2022-06-22 18:19:25 pid 28576 Parsing airport OEJN..."
[1] "2022-06-22 18:19:25 pid  3648 Parsing airport URML..."
[1] "2022-06-22 18:19:26 pid 30280 Parsing airport KOMA..."
[1] "2022-06-22 18:19:29 pid 32000 Parsing airport LYTV..."
[1] "2022-06-22 18:19:54 pid 13828 Parsing airport VVPQ..."
[1] "2022-06-22 18:19:55 pid 30232 Parsing airport WIII..."
[1] "2022-06-22 18:19:55 pid 31304 Parsing airport ZSYT..."
[1] "2022-06-22 18:19:58 pid 23588 Parsing airport VEBS..."
[1] "2022-06-22 18:19:58 pid 25652 Parsing airport RPVB..."
[1] "2022-06-22 18:20:01 pid 31740 Parsing airport UNNT..."
[1] "2022-06-22 18:24:58 pid 30280 Parsing airport LTAF..."
[1] "2022-06-22 18:25:04 pid 15420 Parsing airport UWWW..."
[1] "2022-06-22 18:25:54 pid 21512 Parsing airport KSAV..."
[1] "2022-06-22 18:25:55 pid 20340 Parsing airport LMML..."
[1] "2022-06-22 18:25:59 pid 30756 Parsing airport SCCF..."
[1] "2022-06-22 18:28:15 pid  3648 Parsing airport GMTT..."
[1] "2022-06-22 18:28:19 pid 33400 Parsing airport ZSCN..."
[1] "2022-06-22 18:28:23 pid 23588 Parsing airport LIMF..."
[1] "2022-06-22 18:28:23 pid 25652 Parsing airport EHRD..."
[1] "2022-06-22 18:28:23 pid 24752 Parsing airport KFSD..."
[1] "2022-06-22 18:28:26 pid 30604 Parsing airport ORNI..."
[1] "2022-06-22 18:28:26 pid 13828 Parsing airport LEMH..."
[1] "2022-06-22 18:28:26 pid 15284 Parsing airport HTZA..."
[1] "2022-06-22 18:28:26 pid 12624 Parsing airport SKSP..."
[1] "2022-06-22 18:28:27 pid 30232 Parsing airport KSFO..."
[1] "2022-06-22 18:28:27 pid 20720 Parsing airport ULLI..."
[1] "2022-06-22 18:28:27 pid 31304 Parsing airport KPIT..."
[1] "2022-06-22 18:28:27 pid 28576 Parsing airport SKBO..."
[1] "2022-06-22 18:28:28 pid 15764 Parsing airport VOKN..."
[1] "2022-06-22 18:28:28 pid  7296 Parsing airport KIAD..."
[1] "2022-06-22 18:28:28 pid 31740 Parsing airport EHEH..."
[1] "2022-06-22 18:28:29 pid 32000 Parsing airport LTCB..."
[1] "2022-06-22 18:34:02 pid 30756 Parsing airport KMSN..."
[1] "2022-06-22 18:34:03 pid 21512 Parsing airport UWKD..."
[1] "2022-06-22 18:36:33 pid 28576 Parsing airport VOBL..."
[1] "2022-06-22 18:36:34 pid  3648 Parsing airport TNCC..."
[1] "2022-06-22 18:36:35 pid 23588 Parsing airport OIMM..."
[1] "2022-06-22 18:36:40 pid 30280 Parsing airport KBUF..."
[1] "2022-06-22 18:36:42 pid 13828 Parsing airport ORBI..."
[1] "2022-06-22 18:36:45 pid 20340 Parsing airport BIKF..."
[1] "2022-06-22 18:36:46 pid 15284 Parsing airport LEGR..."
[1] "2022-06-22 18:36:47 pid 12624 Parsing airport VYMD..."
[1] "2022-06-22 18:36:47 pid 25652 Parsing airport VOTR..."
[1] "2022-06-22 18:36:47 pid 30232 Parsing airport ZUUU..."
[1] "2022-06-22 18:36:48 pid 15420 Parsing airport ESSB..."
[1] "2022-06-22 18:36:48 pid 30604 Parsing airport KSRQ..."
[1] "2022-06-22 18:36:48 pid 31304 Parsing airport KIND..."
[1] "2022-06-22 18:36:48 pid 24752 Parsing airport MMOX..."
[1] "2022-06-22 18:36:48 pid 20720 Parsing airport RKPK..."
[1] "2022-06-22 18:36:49 pid  7296 Parsing airport WADD..."
[1] "2022-06-22 18:36:49 pid 31740 Parsing airport OIIE..."
[1] "2022-06-22 18:36:50 pid 15764 Parsing airport LGMK..."
[1] "2022-06-22 18:36:51 pid 33400 Parsing airport RJGG..."
[1] "2022-06-22 18:36:51 pid 32000 Parsing airport KLBB..."
[1] "2022-06-22 18:42:23 pid 30756 Parsing airport SBFI..."
[1] "2022-06-22 18:43:48 pid 21512 Parsing airport LGKR..."
[1] "2022-06-22 18:45:53 pid 15284 Parsing airport MBPV..."
[1] "2022-06-22 18:46:08 pid 15764 Parsing airport UKOO..."
[1] "2022-06-22 18:46:10 pid 30604 Parsing airport VVPB..."
[1] "2022-06-22 18:46:21 pid 23588 Parsing airport LFOB..."
[1] "2022-06-22 18:46:22 pid 24752 Parsing airport UEEE..."
[1] "2022-06-22 18:46:22 pid 33400 Parsing airport EDDK..."
[1] "2022-06-22 18:46:23 pid 13828 Parsing airport YSCB..."
[1] "2022-06-22 18:46:25 pid 20720 Parsing airport LKPR..."
[1] "2022-06-22 18:46:25 pid 28576 Parsing airport EIDW..."
[1] "2022-06-22 18:46:26 pid  3648 Parsing airport LEAS..."
[1] "2022-06-22 18:46:26 pid  7296 Parsing airport RKSS..."
[1] "2022-06-22 18:46:27 pid 25652 Parsing airport LTCC..."
[1] "2022-06-22 18:46:27 pid 12624 Parsing airport WAHQ..."
[1] "2022-06-22 18:46:27 pid 20340 Parsing airport ZGOW..."
[1] "2022-06-22 18:46:27 pid 30232 Parsing airport ZGSZ..."
[1] "2022-06-22 18:46:27 pid 15420 Parsing airport RJFM..."
[1] "2022-06-22 18:46:28 pid 31740 Parsing airport EDDV..."
[1] "2022-06-22 18:46:29 pid 30280 Parsing airport WAHS..."
[1] "2022-06-22 18:46:29 pid 31304 Parsing airport LIPE..."
[1] "2022-06-22 18:46:32 pid 32000 Parsing airport MMMZ..."
[1] "2022-06-22 18:52:43 pid 15764 Parsing airport CYYT..."
[1] "2022-06-22 18:52:44 pid 30232 Parsing airport LEBL..."
[1] "2022-06-22 18:52:44 pid 30756 Parsing airport SBSG..."
[1] "2022-06-22 18:52:45 pid 21512 Parsing airport SVMI..."
[1] "2022-06-22 18:54:52 pid 20340 Parsing airport SBFZ..."
[1] "2022-06-22 18:54:57 pid 30280 Parsing airport MSLP..."
[1] "2022-06-22 18:55:04 pid  3648 Parsing airport EGCN..."
[1] "2022-06-22 18:55:06 pid 15420 Parsing airport KROC..."
[1] "2022-06-22 18:55:07 pid 28576 Parsing airport LSZH..."
[1] "2022-06-22 18:55:07 pid 25652 Parsing airport KCOS..."
[1] "2022-06-22 18:55:08 pid 31304 Parsing airport TJSJ..."
[1] "2022-06-22 18:55:08 pid 12624 Parsing airport UHHH..."
[1] "2022-06-22 18:55:08 pid 23588 Parsing airport SEGU..."
[1] "2022-06-22 18:55:08 pid 24752 Parsing airport SPQT..."
[1] "2022-06-22 18:55:08 pid 33400 Parsing airport ZBHH..."
[1] "2022-06-22 18:55:09 pid 30604 Parsing airport SKPE..."
[1] "2022-06-22 18:55:09 pid 13828 Parsing airport RJSS..."
[1] "2022-06-22 18:55:09 pid 15284 Parsing airport ZSLQ..."
[1] "2022-06-22 18:55:10 pid  7296 Parsing airport ZWWW..."
[1] "2022-06-22 18:55:10 pid 20720 Parsing airport SBBR..."
[1] "2022-06-22 18:55:10 pid 31740 Parsing airport WBGG..."
[1] "2022-06-22 18:55:12 pid 32000 Parsing airport RJKA..."
[1] "2022-06-22 19:00:17 pid 30756 Parsing airport HTDA..."
[1] "2022-06-22 19:00:18 pid 21512 Parsing airport CYTZ..."
[1] "2022-06-22 19:01:32 pid 30232 Parsing airport KSEA..."
[1] "2022-06-22 19:02:11 pid 13828 Parsing airport MGGT..."
[1] "2022-06-22 19:03:56 pid 23588 Parsing airport EGNM..."
[1] "2022-06-22 19:03:57 pid 31304 Parsing airport WMKP..."
[1] "2022-06-22 19:04:05 pid 20340 Parsing airport OEMA..."
[1] "2022-06-22 19:04:11 pid 28576 Parsing airport KPHL..."
[1] "2022-06-22 19:04:12 pid 20720 Parsing airport MPTO..."
[1] "2022-06-22 19:04:13 pid 12624 Parsing airport VDSV..."
[1] "2022-06-22 19:04:14 pid 24752 Parsing airport MMQT..."
[1] "2022-06-22 19:04:15 pid 30280 Parsing airport MMPR..."
[1] "2022-06-22 19:04:15 pid 30604 Parsing airport CYQB..."
[1] "2022-06-22 19:04:25 pid  3648 Parsing airport RPSP..."
[1] "2022-06-22 19:04:25 pid 33400 Parsing airport ZSWZ..."
[1] "2022-06-22 19:04:25 pid 15764 Parsing airport LFKJ..."
[1] "2022-06-22 19:04:25 pid  7296 Parsing airport ZJHK..."
[1] "2022-06-22 19:04:26 pid 25652 Parsing airport MMCU..."
[1] "2022-06-22 19:04:26 pid 15284 Parsing airport EDLV..."
[1] "2022-06-22 19:04:26 pid 15420 Parsing airport KSYR..."
[1] "2022-06-22 19:04:26 pid 31740 Parsing airport KBUR..."
[1] "2022-06-22 19:04:27 pid 32000 Parsing airport PGSN..."
[1] "2022-06-22 19:09:15 pid 30756 Parsing airport RPMY..."
[1] "2022-06-22 19:09:17 pid 21512 Parsing airport LPMA..."
[1] "2022-06-22 19:09:31 pid 30232 Parsing airport MMMX..."
[1] "2022-06-22 19:12:42 pid 15764 Parsing airport DTTJ..."
[1] "2022-06-22 19:12:50 pid 30280 Parsing airport RKTN..."
[1] "2022-06-22 19:12:53 pid 25652 Parsing airport EGJJ..."
[1] "2022-06-22 19:12:55 pid 20340 Parsing airport LFRS..."
[1] "2022-06-22 19:12:58 pid 24752 Parsing airport LQSA..."
[1] "2022-06-22 19:12:59 pid 28576 Parsing airport LFPO..."
[1] "2022-06-22 19:12:59 pid 13828 Parsing airport VANP..."
[1] "2022-06-22 19:12:59 pid 20720 Parsing airport KAUS..."
[1] "2022-06-22 19:13:01 pid 15420 Parsing airport EICK..."
[1] "2022-06-22 19:13:03 pid  3648 Parsing airport KBTV..."
[1] "2022-06-22 19:13:07 pid  7296 Parsing airport VOMM..."
[1] "2022-06-22 19:13:07 pid 31304 Parsing airport SKRG..."
[1] "2022-06-22 19:13:07 pid 23588 Parsing airport WIOO..."
[1] "2022-06-22 19:13:08 pid 15284 Parsing airport LYPG..."
[1] "2022-06-22 19:13:08 pid 12624 Parsing airport LZIB..."
[1] "2022-06-22 19:13:08 pid 33400 Parsing airport ZGSD..."
[1] "2022-06-22 19:13:08 pid 31740 Parsing airport LIRA..."
[1] "2022-06-22 19:13:08 pid 30604 Parsing airport VTSB..."
[1] "2022-06-22 19:13:09 pid 32000 Parsing airport FKKD..."
[1] "2022-06-22 19:16:32 pid 30756 Parsing airport DIAP..."
[1] "2022-06-22 19:16:42 pid 21512 Parsing airport RJOA..."
[1] "2022-06-22 19:16:48 pid 30232 Parsing airport CYYZ..."
[1] "2022-06-22 19:21:48 pid 30280 Parsing airport OPLA..."
[1] "2022-06-22 19:22:15 pid 28576 Parsing airport LOWW..."
[1] "2022-06-22 19:22:21 pid 24752 Parsing airport ZUXC..."
[1] "2022-06-22 19:22:28 pid 23588 Parsing airport LTBS..."
[1] "2022-06-22 19:22:31 pid 31304 Parsing airport SBRJ..."
[1] "2022-06-22 19:22:32 pid  7296 Parsing airport LTAI..."
[1] "2022-06-22 19:22:32 pid 13828 Parsing airport SBVT..."
[1] "2022-06-22 19:22:32 pid 33400 Parsing airport GCLP..."
[1] "2022-06-22 19:22:33 pid 15764 Parsing airport EDDC..."
[1] "2022-06-22 19:22:33 pid  3648 Parsing airport SARI..."
[1] "2022-06-22 19:22:34 pid 30604 Parsing airport WBGS..."
[1] "2022-06-22 19:22:34 pid 25652 Parsing airport ROMY..."
[1] "2022-06-22 19:22:34 pid 15420 Parsing airport UWUU..."
[1] "2022-06-22 19:22:34 pid 20720 Parsing airport ZSJN..."
[1] "2022-06-22 19:22:38 pid 32000 Parsing airport TAPA..."
[1] "2022-06-22 19:22:40 pid 15284 Parsing airport ZMUB..."
[1] "2022-06-22 19:22:41 pid 12624 Parsing airport SBMO..."
[1] "2022-06-22 19:22:48 pid 20340 Parsing airport ZLXN..."
[1] "2022-06-22 19:22:49 pid 31740 Parsing airport GCXO..."
[1] "2022-06-22 19:26:31 pid 21512 Parsing airport KDSM..."
[1] "2022-06-22 19:27:02 pid 30756 Parsing airport UTAA..."
[1] "2022-06-22 19:27:22 pid 30232 Parsing airport KMCO..."
[1] "2022-06-22 19:32:45 pid  3648 Parsing airport UCFO..."
[1] "2022-06-22 19:32:56 pid 31304 Parsing airport EGGD..."
[1] "2022-06-22 19:33:02 pid  7296 Parsing airport VECC..."
[1] "2022-06-22 19:33:04 pid 20340 Parsing airport GCRR..."
[1] "2022-06-22 19:33:04 pid 23588 Parsing airport VOTV..."
[1] "2022-06-22 19:33:04 pid 12624 Parsing airport RJOT..."
[1] "2022-06-22 19:33:06 pid 24752 Parsing airport SKMD..."
[1] "2022-06-22 19:33:07 pid 30280 Parsing airport LIEE..."
[1] "2022-06-22 19:33:07 pid 15284 Parsing airport NTAA..."
[1] "2022-06-22 19:33:07 pid 33400 Parsing airport VAAH..."
[1] "2022-06-22 19:33:07 pid 30604 Parsing airport LEGE..."
[1] "2022-06-22 19:33:07 pid 13828 Parsing airport VEBN..."
[1] "2022-06-22 19:33:07 pid 20720 Parsing airport LHBP..."
[1] "2022-06-22 19:33:07 pid 15420 Parsing airport VERC..."
[1] "2022-06-22 19:33:07 pid 25652 Parsing airport RJOK..."
[1] "2022-06-22 19:33:07 pid 15764 Parsing airport USCC..."
[1] "2022-06-22 19:33:07 pid 31740 Parsing airport LEBB..."
[1] "2022-06-22 19:33:09 pid 28576 Parsing airport KLGA..."
[1] "2022-06-22 19:33:10 pid 32000 Parsing airport LEVX..."
[1] "2022-06-22 19:34:41 pid 21512 Parsing airport EETN..."
[1] "2022-06-22 19:34:57 pid 30232 Parsing airport KLAS..."
[1] "2022-06-22 19:37:19 pid 30756 Parsing airport SKSM..."
[1] "2022-06-22 19:40:40 pid 31304 Parsing airport YPAD..."
[1] "2022-06-22 19:40:42 pid 20340 Parsing airport LBSF..."
[1] "2022-06-22 19:40:43 pid 30604 Parsing airport VVDL..."
[1] "2022-06-22 19:40:43 pid 30280 Parsing airport ZULS..."
[1] "2022-06-22 19:40:46 pid 15284 Parsing airport LRIA..."
[1] "2022-06-22 19:40:50 pid 31740 Parsing airport VILK..."
[1] "2022-06-22 19:41:19 pid 15764 Parsing airport KMDT..."
[1] "2022-06-22 19:41:19 pid 23588 Parsing airport ZUMY..."
[1] "2022-06-22 19:41:20 pid 13828 Parsing airport PHLI..."
[1] "2022-06-22 19:41:20 pid  7296 Parsing airport KDCA..."
[1] "2022-06-22 19:41:20 pid 24752 Parsing airport OETF..."
[1] "2022-06-22 19:41:21 pid 15420 Parsing airport ZSYA..."
[1] "2022-06-22 19:41:27 pid  3648 Parsing airport MWCR..."
[1] "2022-06-22 19:41:37 pid 20720 Parsing airport OOMS..."
[1] "2022-06-22 19:41:37 pid 32000 Parsing airport RPMR..."
[1] "2022-06-22 19:41:37 pid 28576 Parsing airport RJBB..."
[1] "2022-06-22 19:41:39 pid 33400 Parsing airport LFLL..."
[1] "2022-06-22 19:41:39 pid 25652 Parsing airport RJNK..."
[1] "2022-06-22 19:41:39 pid 12624 Parsing airport LFQQ..."
[1] "2022-06-22 19:42:22 pid 21512 Parsing airport RPVI..."
[1] "2022-06-22 19:42:23 pid 30232 Parsing airport KCLT..."
[1] "2022-06-22 19:47:24 pid 15764 Parsing airport URKA..."
[1] "2022-06-22 19:47:26 pid  7296 Parsing airport ZBTJ..."
[1] "2022-06-22 19:47:37 pid 30756 Parsing airport RPVP..."
[1] "2022-06-22 19:47:46 pid 30604 Parsing airport ZYYJ..."
[1] "2022-06-22 19:47:53 pid 31740 Parsing airport LYBE..."
[1] "2022-06-22 19:48:04 pid 23588 Parsing airport SPZO..."
[1] "2022-06-22 19:48:04 pid 30280 Parsing airport EGNX..."
[1] "2022-06-22 19:48:05 pid 15420 Parsing airport GOBD..."
[1] "2022-06-22 19:48:05 pid 31304 Parsing airport EGPF..."
[1] "2022-06-22 19:48:09 pid 33400 Parsing airport LTBJ..."
[1] "2022-06-22 19:48:35 pid 20340 Parsing airport LCLK..."
[1] "2022-06-22 19:48:36 pid 12624 Parsing airport OISS..."
[1] "2022-06-22 19:48:41 pid 32000 Parsing airport SKMR..."
[1] "2022-06-22 19:48:42 pid 15284 Parsing airport OIAW..."
[1] "2022-06-22 19:49:04 pid 24752 Parsing airport ENAL..."
[1] "2022-06-22 19:49:04 pid 20720 Parsing airport KSTL..."
[1] "2022-06-22 19:49:04 pid  3648 Parsing airport VABP..."
[1] "2022-06-22 19:49:10 pid 25652 Parsing airport MDST..."
[1] "2022-06-22 19:49:14 pid 28576 Parsing airport LPPT..."
[1] "2022-06-22 19:49:27 pid 21512 Parsing airport LEST..."
[1] "2022-06-22 19:49:33 pid 13828 Parsing airport TTPP..."
[1] "2022-06-22 19:50:35 pid 30232 Parsing airport UUEE..."
[1] "2022-06-22 19:58:06 pid 21512 Parsing airport LIRQ..."
[1] "2022-06-22 19:58:42 pid 15420 Parsing airport VTUD..."
[1] "2022-06-22 19:58:56 pid 24752 Parsing airport SAZN..."
[1] "2022-06-22 19:59:00 pid 31304 Parsing airport KCVG..."
[1] "2022-06-22 19:59:04 pid 30280 Parsing airport MKJS..."
[1] "2022-06-22 19:59:27 pid 30604 Parsing airport SCTE..."
[1] "2022-06-22 19:59:38 pid  7296 Parsing airport LLBG..."
[1] "2022-06-22 20:00:30 pid 33400 Parsing airport ZSNB..."
[1] "2022-06-22 20:00:34 pid 30756 Parsing airport VTSM..."
[1] "2022-06-22 20:00:37 pid 15764 Parsing airport USPP..."
[1] "2022-06-22 20:00:37 pid 23588 Parsing airport KGEG..."
[1] "2022-06-22 20:00:37 pid 30232 Parsing airport VABB..."
[1] "2022-06-22 20:00:38 pid 25652 Parsing airport USRR..."
[1] "2022-06-22 20:00:39 pid  3648 Parsing airport OPPS..."
[1] "2022-06-22 20:00:39 pid 15284 Parsing airport KECP..."
[1] "2022-06-22 20:00:39 pid 12624 Parsing airport ZSSH..."
[1] "2022-06-22 20:00:39 pid 20340 Parsing airport ZPLJ..."
[1] "2022-06-22 20:00:39 pid 13828 Parsing airport WADL..."
[1] "2022-06-22 20:00:39 pid 20720 Parsing airport ZGNN..."
[1] "2022-06-22 20:00:40 pid 31740 Parsing airport URSS..."
[1] "2022-06-22 20:00:43 pid 32000 Parsing airport SCQP..."
[1] "2022-06-22 20:00:43 pid 28576 Parsing airport ZSNJ..."
[1] "2022-06-22 20:06:51 pid 21512 Parsing airport VTCT..."
[1] "2022-06-22 20:07:29 pid 15284 Parsing airport FQMA..."
[1] "2022-06-22 20:08:27 pid  3648 Parsing airport LTCI..."
[1] "2022-06-22 20:08:32 pid 30280 Parsing airport KMEM..."
[1] "2022-06-22 20:08:36 pid 30604 Parsing airport WMKC..."
[1] "2022-06-22 20:08:36 pid 25652 Parsing airport SCIE..."
[1] "2022-06-22 20:08:36 pid 15420 Parsing airport RPVK..."
[1] "2022-06-22 20:08:36 pid 15764 Parsing airport GCLA..."
[1] "2022-06-22 20:08:36 pid 24752 Parsing airport SBAR..."
[1] "2022-06-22 20:08:38 pid  7296 Parsing airport SBSP..."
[1] "2022-06-22 20:08:40 pid 30232 Parsing airport RCTP..."
[1] "2022-06-22 20:08:58 pid 30756 Parsing airport ENTC..."
[1] "2022-06-22 20:09:02 pid 13828 Parsing airport EPWR..."
[1] "2022-06-22 20:09:13 pid 20720 Parsing airport KSJC..."
[1] "2022-06-22 20:09:15 pid 33400 Parsing airport LIPZ..."
[1] "2022-06-22 20:09:15 pid 20340 Parsing airport NZCH..."
[1] "2022-06-22 20:09:15 pid 12624 Parsing airport HESH..."
[1] "2022-06-22 20:09:16 pid 31304 Parsing airport LPFR..."
[1] "2022-06-22 20:09:16 pid 23588 Parsing airport UGTB..."
[1] "2022-06-22 20:09:18 pid 31740 Parsing airport MUHA..."
[1] "2022-06-22 20:09:23 pid 32000 Parsing airport WMKN..."
[1] "2022-06-22 20:09:24 pid 28576 Parsing airport EKCH..."
[1] "2022-06-22 20:15:17 pid 21512 Parsing airport LCPH..."
[1] "2022-06-22 20:15:26 pid 30280 Parsing airport WMKJ..."
[1] "2022-06-22 20:15:26 pid 31740 Parsing airport RJFK..."
[1] "2022-06-22 20:16:53 pid 30604 Parsing airport WBSB..."
[1] "2022-06-22 20:17:49 pid 30232 Parsing airport RPLL..."
[1] "2022-06-22 20:17:56 pid 15764 Parsing airport MMVR..."
[1] "2022-06-22 20:17:58 pid 31304 Parsing airport MMTJ..."
[1] "2022-06-22 20:18:02 pid 30756 Parsing airport UMKK..."
[1] "2022-06-22 20:18:03 pid 24752 Parsing airport LEJR..."
[1] "2022-06-22 20:18:03 pid 33400 Parsing airport KMCI..."
[1] "2022-06-22 20:18:04 pid 23588 Parsing airport MYNN..."
[1] "2022-06-22 20:18:05 pid 20720 Parsing airport RJOO..."
[1] "2022-06-22 20:18:07 pid 20340 Parsing airport VYYY..."
[1] "2022-06-22 20:18:08 pid 13828 Parsing airport WICC..."
[1] "2022-06-22 20:18:08 pid 15420 Parsing airport VLVT..."
[1] "2022-06-22 20:18:08 pid  7296 Parsing airport RJFF..."
[1] "2022-06-22 20:18:08 pid 12624 Parsing airport MZBZ..."
[1] "2022-06-22 20:18:09 pid 15284 Parsing airport VABO..."
[1] "2022-06-22 20:18:09 pid  3648 Parsing airport LIEA..."
[1] "2022-06-22 20:18:15 pid 25652 Parsing airport ZWTN..."
[1] "2022-06-22 20:18:15 pid 32000 Parsing airport RJNA..."
[1] "2022-06-22 20:18:16 pid 28576 Parsing airport EGCC..."
[1] "2022-06-22 20:25:46 pid 30604 Parsing airport VGEG..."
[1] "2022-06-22 20:25:47 pid 30280 Parsing airport HEGN..."
[1] "2022-06-22 20:26:38 pid 23588 Parsing airport OEAB..."
[1] "2022-06-22 20:28:16 pid 31740 Parsing airport UAAA..."
[1] "2022-06-22 20:28:18 pid 15284 Parsing airport WBGB..."
[1] "2022-06-22 20:28:19 pid 20340 Parsing airport MDPC..."
[1] "2022-06-22 20:28:19 pid  3648 Parsing airport KMAF..."
[1] "2022-06-22 20:28:20 pid 30232 Parsing airport EDDM..."
[1] "2022-06-22 20:28:20 pid 31304 Parsing airport SBRF..."
[1] "2022-06-22 20:28:20 pid 13828 Parsing airport SBGO..."
[1] "2022-06-22 20:28:21 pid 15764 Parsing airport MMTG..."
[1] "2022-06-22 20:28:21 pid 30756 Parsing airport CYLW..."
[1] "2022-06-22 20:28:21 pid 15420 Parsing airport ZWSH..."
[1] "2022-06-22 20:28:21 pid 33400 Parsing airport ZSOF..."
[1] "2022-06-22 20:28:21 pid 24752 Parsing airport LFBZ..."
[1] "2022-06-22 20:28:53 pid 20720 Parsing airport OKBK..."
[1] "2022-06-22 20:29:54 pid 28576 Parsing airport LIMC..."
[1] "2022-06-22 20:30:34 pid 12624 Parsing airport GMAD..."
[1] "2022-06-22 20:30:36 pid  7296 Parsing airport KTPA..."
[1] "2022-06-22 20:30:48 pid 32000 Parsing airport HEMA..."
[1] "2022-06-22 20:31:09 pid 25652 Parsing airport SBSL..."
[1] "2022-06-22 20:35:08 pid 31740 Parsing airport FALE..."
[1] "2022-06-22 20:36:55 pid 31304 Parsing airport VOGO..."
[1] "2022-06-22 20:37:00 pid 15284 Parsing airport CYQR..."
[1] "2022-06-22 20:37:03 pid 13828 Parsing airport VAID..."
[1] "2022-06-22 20:37:05 pid 30232 Parsing airport ZPPP..."
[1] "2022-06-22 20:37:06 pid 30604 Parsing airport VOPB..."
[1] "2022-06-22 20:37:07 pid 33400 Parsing airport UKBB..."
[1] "2022-06-22 20:37:08 pid 15764 Parsing airport OMDW..."
[1] "2022-06-22 20:37:08 pid 23588 Parsing airport PHKO..."
[1] "2022-06-22 20:37:08 pid 30280 Parsing airport RPMD..."
[1] "2022-06-22 20:37:09 pid 24752 Parsing airport WBKS..."
[1] "2022-06-22 20:37:09 pid 20340 Parsing airport LICJ..."
[1] "2022-06-22 20:37:09 pid  3648 Parsing airport OOSA..."
[1] "2022-06-22 20:37:09 pid 15420 Parsing airport SLCB..."
[1] "2022-06-22 20:37:12 pid 20720 Parsing airport ZSFZ..."
[1] "2022-06-22 20:39:17 pid 12624 Parsing airport CYYJ..."
[1] "2022-06-22 20:39:17 pid  7296 Parsing airport EFHK..."
[1] "2022-06-22 20:39:35 pid 28576 Parsing airport LEPA..."
[1] "2022-06-22 20:39:36 pid 32000 Parsing airport FZAA..."
[1] "2022-06-22 20:39:46 pid 25652 Parsing airport RJFO..."
[1] "2022-06-22 20:46:24 pid  3648 Parsing airport SBJP..."
[1] "2022-06-22 20:46:31 pid 20340 Parsing airport KPBI..."
[1] "2022-06-22 20:46:31 pid 33400 Parsing airport VTCC..."
[1] "2022-06-22 20:46:32 pid 30280 Parsing airport VEPT..."
[1] "2022-06-22 20:46:32 pid 13828 Parsing airport UHWW..."
[1] "2022-06-22 20:46:32 pid 31304 Parsing airport VAPO..."
[1] "2022-06-22 20:46:33 pid 30604 Parsing airport DAOO..."
[1] "2022-06-22 20:46:33 pid 20720 Parsing airport EGPH..."
[1] "2022-06-22 20:46:33 pid 15420 Parsing airport VVCI..."
[1] "2022-06-22 20:46:33 pid 31740 Parsing airport MROC..."
[1] "2022-06-22 20:46:33 pid 15284 Parsing airport SCSE..."
[1] "2022-06-22 20:46:33 pid 23588 Parsing airport VTSS..."
[1] "2022-06-22 20:46:33 pid 24752 Parsing airport RJSN..."
[1] "2022-06-22 20:46:33 pid 15764 Parsing airport LBWN..."
[1] "2022-06-22 20:47:13 pid  7296 Parsing airport RJCC..."
[1] "2022-06-22 20:47:32 pid 12624 Parsing airport WASS..."
[1] "2022-06-22 20:47:48 pid 32000 Parsing airport WIKT..."
[1] "2022-06-22 20:47:48 pid 28576 Parsing airport RKPC..."
[1] "2022-06-22 20:48:05 pid 25652 Parsing airport EGFF..."
[1] "2022-06-22 20:55:27 pid  3648 Parsing airport RJOS..."
[1] "2022-06-22 20:55:27 pid  7296 Parsing airport FAOR..."
[1] "2022-06-22 20:55:29 pid 13828 Parsing airport VOCB..."
[1] "2022-06-22 20:55:30 pid 33400 Parsing airport WAAA..."
[1] "2022-06-22 20:55:32 pid 15420 Parsing airport ZBLA..."
[1] "2022-06-22 20:55:32 pid 15284 Parsing airport MMVA..."
[1] "2022-06-22 20:55:32 pid 31304 Parsing airport LEVC..."
[1] "2022-06-22 20:55:32 pid 30280 Parsing airport VDSR..."
[1] "2022-06-22 20:55:32 pid 23588 Parsing airport LCEN..."
[1] "2022-06-22 20:55:34 pid 31740 Parsing airport LIBD..."
[1] "2022-06-22 20:55:35 pid 15764 Parsing airport EKYT..."
[1] "2022-06-22 20:55:35 pid 24752 Parsing airport FMMI..."
[1] "2022-06-22 20:55:35 pid 20720 Parsing airport LEAL..."
[1] "2022-06-22 20:55:40 pid 30604 Parsing airport YBTL..."
[1] "2022-06-22 20:55:42 pid 12624 Parsing airport ZSYN..."
[1] "2022-06-22 20:55:57 pid 32000 Parsing airport ZGCD..."
[1] "2022-06-22 21:03:09 pid 12624 Parsing airport FALA..."
[1] "2022-06-22 21:03:14 pid 32000 Parsing airport LERS..."
There were 40 warnings (use warnings() to see them)
There were 40 warnings (use warnings() to see them)
There were 40 warnings (use warnings() to see them)
There were 40 warnings (use warnings() to see them)
There were 40 warnings (use warnings() to see them)
There were 40 warnings (use warnings() to see them)
There were 40 warnings (use warnings() to see them)
There were 40 warnings (use warnings() to see them)
There were 41 warnings (use warnings() to see them)
There were 40 warnings (use warnings() to see them)
There were 40 warnings (use warnings() to see them)
There were 40 warnings (use warnings() to see them)
There were 40 warnings (use warnings() to see them)
There were 40 warnings (use warnings() to see them)
There were 40 warnings (use warnings() to see them)
There were 40 warnings (use warnings() to see them)
There were 40 warnings (use warnings() to see them)
There were 40 warnings (use warnings() to see them)
There were 40 warnings (use warnings() to see them)
There were 40 warnings (use warnings() to see them)
